VirtualBox VM 4.2.18 r88780 darwin.amd64 (Sep  6 2013 14:23:38) release log
00:00:05.889122 Log opened 2013-10-05T02:35:44.889055000Z
00:00:05.889145 OS Product: Darwin
00:00:05.889151 OS Release: 11.4.2
00:00:05.889158 OS Version: Darwin Kernel Version 11.4.2: Thu Aug 23 16:25:48 PDT 2012; root:xnu-1699.32.7~1/RELEASE_X86_64
00:00:05.890627 DMI Product Name: MacBookPro7,1
00:00:05.891882 DMI Product Version: 1.0
00:00:05.891897 Host RAM: 4096MB total, 1039MB available
00:00:05.891900 Executable: /Applications/VirtualBox.app/Contents/Resources/VirtualBoxVM.app/Contents/MacOS/VirtualBoxVM
00:00:05.891901 Process ID: 10293
00:00:05.891901 Package type: DARWIN_64BITS_GENERIC
00:00:05.897143 Installed Extension Packs:
00:00:05.897163   None installed!
00:00:06.263387 SUP: Loaded VMMR0.r0 (/Applications/VirtualBox.app/Contents/MacOS/VMMR0.r0) at 0xffffff8096b5d020 - ModuleInit at ffffff8096b73470 and ModuleTerm at ffffff8096b73440
00:00:06.263419 SUP: VMMR0EntryEx located at ffffff8096b73370, VMMR0EntryFast at ffffff8096b73710 and VMMR0EntryInt at ffffff8096b72330
00:00:06.327011 OS type: 'Windows2012_64'
00:00:06.359735 Enabling CMPXCHG16B for Windows 8.1 / 2k12 guests
00:00:06.396013 File system of 'MATSHITA DVD-R   UJ-898' (DVD) is unknown
00:00:06.453356 File system of '/Users/mustafabarki/VirtualBox VMs/barkim/Snapshots' (snapshots) is hfs
00:00:06.453375 File system of '/Users/mustafabarki/VirtualBox VMs/barkim/Snapshots/{aa4c80e6-a0b1-4d65-a129-b3d48c5f44d7}.vmdk' is hfs
00:00:06.824260 Shared clipboard mode: Off
00:00:06.838034 Drag'n'drop mode: Off
00:00:06.868000 ************************* CFGM dump *************************
00:00:06.868009 [/] (level 0)
00:00:06.868013   CSAMEnabled     <integer> = 0x0000000000000001 (1)
00:00:06.868021   CpuExecutionCap <integer> = 0x0000000000000064 (100)
00:00:06.868023   EnablePAE       <integer> = 0x0000000000000000 (0)
00:00:06.868024   HwVirtExtForced <integer> = 0x0000000000000001 (1)
00:00:06.868026   MemBalloonSize  <integer> = 0x0000000000000000 (0)
00:00:06.868027   Name            <string>  = "barkim" (cb=7)
00:00:06.868029   NumCPUs         <integer> = 0x0000000000000001 (1)
00:00:06.868030   PATMEnabled     <integer> = 0x0000000000000001 (1)
00:00:06.868032   PageFusion      <integer> = 0x0000000000000000 (0)
00:00:06.868033   RamHoleSize     <integer> = 0x0000000020000000 (536 870 912, 512 MB)
00:00:06.868036   RamSize         <integer> = 0x0000000080000000 (2 147 483 648, 2 048 MB)
00:00:06.868038   RawR0Enabled    <integer> = 0x0000000000000001 (1)
00:00:06.868040   RawR3Enabled    <integer> = 0x0000000000000001 (1)
00:00:06.868041   TimerMillies    <integer> = 0x000000000000000a (10)
00:00:06.868043   UUID            <bytes>   = "bc ce 9b 36 64 cf 65 4d 8b 35 89 b9 9d 64 07 fe" (cb=16)
00:00:06.868053 
00:00:06.868054 [/CPUM/] (level 1)
00:00:06.868056   CMPXCHG16B   <integer> = 0x0000000000000001 (1)
00:00:06.868057   SyntheticCpu <integer> = 0x0000000000000000 (0)
00:00:06.868059 
00:00:06.868059 [/DBGF/] (level 1)
00:00:06.868061   Path <string>  = "/Users/mustafabarki/VirtualBox VMs/barkim/debug/;/Users/mustafabarki/VirtualBox VMs/barkim/;/Users/mustafabarki/" (cb=113)
00:00:06.868063 
00:00:06.868064 [/Devices/] (level 1)
00:00:06.868065 
00:00:06.868066 [/Devices/8237A/] (level 2)
00:00:06.868068 
00:00:06.868068 [/Devices/8237A/0/] (level 3)
00:00:06.868070   Trusted <integer> = 0x0000000000000001 (1)
00:00:06.868072 
00:00:06.868072 [/Devices/AudioSniffer/] (level 2)
00:00:06.868074 
00:00:06.868075 [/Devices/AudioSniffer/0/] (level 3)
00:00:06.868077 
00:00:06.868077 [/Devices/AudioSniffer/0/Config/] (level 4)
00:00:06.868079 
00:00:06.868080 [/Devices/AudioSniffer/0/LUN#0/] (level 4)
00:00:06.868082   Driver <string>  = "MainAudioSniffer" (cb=17)
00:00:06.868084 
00:00:06.868084 [/Devices/AudioSniffer/0/LUN#0/Config/] (level 5)
00:00:06.868087   Object <integer> = 0x0000000102d46e60 (4 342 443 616)
00:00:06.868089 
00:00:06.868090 [/Devices/VMMDev/] (level 2)
00:00:06.868092 
00:00:06.868092 [/Devices/VMMDev/0/] (level 3)
00:00:06.868095   PCIBusNo      <integer> = 0x0000000000000000 (0)
00:00:06.868096   PCIDeviceNo   <integer> = 0x0000000000000004 (4)
00:00:06.868098   PCIFunctionNo <integer> = 0x0000000000000000 (0)
00:00:06.868099   Trusted       <integer> = 0x0000000000000001 (1)
00:00:06.868100 
00:00:06.868101 [/Devices/VMMDev/0/Config/] (level 4)
00:00:06.868103   GuestCoreDumpDir <string>  = "/Users/mustafabarki/VirtualBox VMs/barkim/Snapshots" (cb=52)
00:00:06.868105   RamSize          <integer> = 0x0000000080000000 (2 147 483 648, 2 048 MB)
00:00:06.868107 
00:00:06.868108 [/Devices/VMMDev/0/LUN#0/] (level 4)
00:00:06.868110   Driver <string>  = "HGCM" (cb=5)
00:00:06.868112 
00:00:06.868112 [/Devices/VMMDev/0/LUN#0/Config/] (level 5)
00:00:06.868115   Object <integer> = 0x000000010013ce20 (4 296 265 248)
00:00:06.868117 
00:00:06.868117 [/Devices/VMMDev/0/LUN#999/] (level 4)
00:00:06.868120   Driver <string>  = "MainStatus" (cb=11)
00:00:06.868121 
00:00:06.868121 [/Devices/VMMDev/0/LUN#999/Config/] (level 5)
00:00:06.868124   First   <integer> = 0x0000000000000000 (0)
00:00:06.868126   Last    <integer> = 0x0000000000000000 (0)
00:00:06.868127   papLeds <integer> = 0x00000001030d7fe0 (4 346 183 648)
00:00:06.868129 
00:00:06.868130 [/Devices/acpi/] (level 2)
00:00:06.868131 
00:00:06.868132 [/Devices/acpi/0/] (level 3)
00:00:06.868135   PCIBusNo      <integer> = 0x0000000000000000 (0)
00:00:06.868136   PCIDeviceNo   <integer> = 0x0000000000000007 (7)
00:00:06.868138   PCIFunctionNo <integer> = 0x0000000000000000 (0)
00:00:06.868139   Trusted       <integer> = 0x0000000000000001 (1)
00:00:06.868140 
00:00:06.868141 [/Devices/acpi/0/Config/] (level 4)
00:00:06.868145   CpuHotPlug        <integer> = 0x0000000000000000 (0)
00:00:06.868146   FdcEnabled        <integer> = 0x0000000000000000 (0)
00:00:06.868148   HostBusPciAddress <integer> = 0x0000000000000000 (0)
00:00:06.868149   HpetEnabled       <integer> = 0x0000000000000000 (0)
00:00:06.868150   IOAPIC            <integer> = 0x0000000000000001 (1)
00:00:06.868152   IocPciAddress     <integer> = 0x0000000000010000 (65 536)
00:00:06.868154   NumCPUs           <integer> = 0x0000000000000001 (1)
00:00:06.868155   RamHoleSize       <integer> = 0x0000000020000000 (536 870 912, 512 MB)
00:00:06.868158   RamSize           <integer> = 0x0000000080000000 (2 147 483 648, 2 048 MB)
00:00:06.868160   Serial0IoPortBase <integer> = 0x0000000000000000 (0)
00:00:06.868161   Serial0Irq        <integer> = 0x0000000000000000 (0)
00:00:06.868163   Serial1IoPortBase <integer> = 0x0000000000000000 (0)
00:00:06.868164   Serial1Irq        <integer> = 0x0000000000000000 (0)
00:00:06.868165   ShowCpu           <integer> = 0x0000000000000001 (1)
00:00:06.868167   ShowRtc           <integer> = 0x0000000000000000 (0)
00:00:06.868168   SmcEnabled        <integer> = 0x0000000000000000 (0)
00:00:06.868170 
00:00:06.868170 [/Devices/acpi/0/LUN#0/] (level 4)
00:00:06.868173   Driver <string>  = "ACPIHost" (cb=9)
00:00:06.868174 
00:00:06.868175 [/Devices/acpi/0/LUN#0/Config/] (level 5)
00:00:06.868177 
00:00:06.868177 [/Devices/ahci/] (level 2)
00:00:06.868179 
00:00:06.868180 [/Devices/ahci/0/] (level 3)
00:00:06.868182   PCIBusNo      <integer> = 0x0000000000000000 (0)
00:00:06.868183   PCIDeviceNo   <integer> = 0x000000000000000d (13)
00:00:06.868185   PCIFunctionNo <integer> = 0x0000000000000000 (0)
00:00:06.868186   Trusted       <integer> = 0x0000000000000001 (1)
00:00:06.868187 
00:00:06.868188 [/Devices/ahci/0/Config/] (level 4)
00:00:06.868190   Bootable  <integer> = 0x0000000000000001 (1)
00:00:06.868191   PortCount <integer> = 0x0000000000000001 (1)
00:00:06.868193 
00:00:06.868193 [/Devices/ahci/0/Config/Port0/] (level 5)
00:00:06.868195   NonRotationalMedium <integer> = 0x0000000000000000 (0)
00:00:06.868197 
00:00:06.868197 [/Devices/ahci/0/LUN#0/] (level 4)
00:00:06.868199   Driver <string>  = "Block" (cb=6)
00:00:06.868201 
00:00:06.868201 [/Devices/ahci/0/LUN#0/AttachedDriver/] (level 5)
00:00:06.868204   Driver <string>  = "VD" (cb=3)
00:00:06.868205 
00:00:06.868205 [/Devices/ahci/0/LUN#0/AttachedDriver/Config/] (level 6)
00:00:06.868208   BlockCache <integer> = 0x0000000000000001 (1)
00:00:06.868210   Format     <string>  = "VMDK" (cb=5)
00:00:06.868211   Path       <string>  = "/Users/mustafabarki/VirtualBox VMs/barkim/Snapshots/{aa4c80e6-a0b1-4d65-a129-b3d48c5f44d7}.vmdk" (cb=96)
00:00:06.868212   Type       <string>  = "HardDisk" (cb=9)
00:00:06.868214   UseNewIo   <integer> = 0x0000000000000001 (1)
00:00:06.868215 
00:00:06.868216 [/Devices/ahci/0/LUN#0/AttachedDriver/Config/Parent/] (level 7)
00:00:06.868219   Format <string>  = "VMDK" (cb=5)
00:00:06.868220   Path   <string>  = "/Users/mustafabarki/VirtualBox VMs/barkim/barkim.vmdk" (cb=54)
00:00:06.868221 
00:00:06.868222 [/Devices/ahci/0/LUN#0/Config/] (level 5)
00:00:06.868224   Mountable <integer> = 0x0000000000000000 (0)
00:00:06.868226   Type      <string>  = "HardDisk" (cb=9)
00:00:06.868227 
00:00:06.868227 [/Devices/ahci/0/LUN#999/] (level 4)
00:00:06.868230   Driver <string>  = "MainStatus" (cb=11)
00:00:06.868231 
00:00:06.868231 [/Devices/ahci/0/LUN#999/Config/] (level 5)
00:00:06.868234   DeviceInstance        <string>  = "ahci/0" (cb=7)
00:00:06.868235   First                 <integer> = 0x0000000000000000 (0)
00:00:06.868237   Last                  <integer> = 0x0000000000000000 (0)
00:00:06.868239   pConsole              <integer> = 0x00000001030d7a00 (4 346 182 144)
00:00:06.868241   papLeds               <integer> = 0x00000001030d7d10 (4 346 182 928)
00:00:06.868243   pmapMediumAttachments <integer> = 0x00000001030d7ff8 (4 346 183 672)
00:00:06.868245 
00:00:06.868245 [/Devices/apic/] (level 2)
00:00:06.868247 
00:00:06.868248 [/Devices/apic/0/] (level 3)
00:00:06.868250   Trusted <integer> = 0x0000000000000001 (1)
00:00:06.868251 
00:00:06.868252 [/Devices/apic/0/Config/] (level 4)
00:00:06.868254   IOAPIC  <integer> = 0x0000000000000001 (1)
00:00:06.868255   NumCPUs <integer> = 0x0000000000000001 (1)
00:00:06.868256 
00:00:06.868257 [/Devices/e1000/] (level 2)
00:00:06.868259 
00:00:06.868259 [/Devices/e1000/0/] (level 3)
00:00:06.868262   PCIBusNo      <integer> = 0x0000000000000000 (0)
00:00:06.868263   PCIDeviceNo   <integer> = 0x0000000000000003 (3)
00:00:06.868265   PCIFunctionNo <integer> = 0x0000000000000000 (0)
00:00:06.868266   Trusted       <integer> = 0x0000000000000001 (1)
00:00:06.868267 
00:00:06.868268 [/Devices/e1000/0/Config/] (level 4)
00:00:06.868271   AdapterType    <integer> = 0x0000000000000000 (0)
00:00:06.868272   CableConnected <integer> = 0x0000000000000001 (1)
00:00:06.868274   LineSpeed      <integer> = 0x0000000000000000 (0)
00:00:06.868275   MAC            <bytes>   = "08 00 27 34 99 87" (cb=6)
00:00:06.868278 
00:00:06.868278 [/Devices/e1000/0/LUN#0/] (level 4)
00:00:06.868281   Driver <string>  = "NAT" (cb=4)
00:00:06.868282 
00:00:06.868282 [/Devices/e1000/0/LUN#0/Config/] (level 5)
00:00:06.868285   AliasMode       <integer> = 0x0000000000000000 (0)
00:00:06.868287   BootFile        <string>  = "barkim.pxe" (cb=11)
00:00:06.868288   DNSProxy        <integer> = 0x0000000000000000 (0)
00:00:06.868290   Network         <string>  = "10.0.2.0/24" (cb=12)
00:00:06.868291   PassDomain      <integer> = 0x0000000000000001 (1)
00:00:06.868292   TFTPPrefix      <string>  = "/Users/mustafabarki/Library/VirtualBox/TFTP" (cb=44)
00:00:06.868294   UseHostResolver <integer> = 0x0000000000000000 (0)
00:00:06.868295 
00:00:06.868296 [/Devices/e1000/0/LUN#999/] (level 4)
00:00:06.868298   Driver <string>  = "MainStatus" (cb=11)
00:00:06.868299 
00:00:06.868300 [/Devices/e1000/0/LUN#999/Config/] (level 5)
00:00:06.868303   First   <integer> = 0x0000000000000000 (0)
00:00:06.868304   Last    <integer> = 0x0000000000000000 (0)
00:00:06.868305   papLeds <integer> = 0x00000001030d7ec0 (4 346 183 360)
00:00:06.868307 
00:00:06.868308 [/Devices/hda/] (level 2)
00:00:06.868310 
00:00:06.868310 [/Devices/hda/0/] (level 3)
00:00:06.868312   PCIBusNo      <integer> = 0x0000000000000000 (0)
00:00:06.868314   PCIDeviceNo   <integer> = 0x0000000000000005 (5)
00:00:06.868315   PCIFunctionNo <integer> = 0x0000000000000000 (0)
00:00:06.868317   Trusted       <integer> = 0x0000000000000001 (1)
00:00:06.868318 
00:00:06.868319 [/Devices/hda/0/Config/] (level 4)
00:00:06.868321 
00:00:06.868321 [/Devices/hda/0/LUN#0/] (level 4)
00:00:06.868324   Driver <string>  = "AUDIO" (cb=6)
00:00:06.868325 
00:00:06.868326 [/Devices/hda/0/LUN#0/Config/] (level 5)
00:00:06.868328   AudioDriver <string>  = "coreaudio" (cb=10)
00:00:06.868329   StreamName  <string>  = "barkim" (cb=7)
00:00:06.868330 
00:00:06.868331 [/Devices/i8254/] (level 2)
00:00:06.868333 
00:00:06.868334 [/Devices/i8254/0/] (level 3)
00:00:06.868335 
00:00:06.868336 [/Devices/i8254/0/Config/] (level 4)
00:00:06.868338 
00:00:06.868339 [/Devices/i8259/] (level 2)
00:00:06.868340 
00:00:06.868341 [/Devices/i8259/0/] (level 3)
00:00:06.868343   Trusted <integer> = 0x0000000000000001 (1)
00:00:06.868344 
00:00:06.868345 [/Devices/i8259/0/Config/] (level 4)
00:00:06.868347 
00:00:06.868347 [/Devices/ioapic/] (level 2)
00:00:06.868349 
00:00:06.868350 [/Devices/ioapic/0/] (level 3)
00:00:06.868351   Trusted <integer> = 0x0000000000000001 (1)
00:00:06.868353 
00:00:06.868353 [/Devices/ioapic/0/Config/] (level 4)
00:00:06.868355   NumCPUs <integer> = 0x0000000000000001 (1)
00:00:06.868357 
00:00:06.868357 [/Devices/mc146818/] (level 2)
00:00:06.868359 
00:00:06.868359 [/Devices/mc146818/0/] (level 3)
00:00:06.868361 
00:00:06.868362 [/Devices/mc146818/0/Config/] (level 4)
00:00:06.868364   UseUTC <integer> = 0x0000000000000000 (0)
00:00:06.868365 
00:00:06.868366 [/Devices/parallel/] (level 2)
00:00:06.868368 
00:00:06.868369 [/Devices/pcarch/] (level 2)
00:00:06.868370 
00:00:06.868371 [/Devices/pcarch/0/] (level 3)
00:00:06.868373   Trusted <integer> = 0x0000000000000001 (1)
00:00:06.868374 
00:00:06.868375 [/Devices/pcarch/0/Config/] (level 4)
00:00:06.868377 
00:00:06.868377 [/Devices/pcbios/] (level 2)
00:00:06.868379 
00:00:06.868380 [/Devices/pcbios/0/] (level 3)
00:00:06.868382   Trusted <integer> = 0x0000000000000001 (1)
00:00:06.868383 
00:00:06.868383 [/Devices/pcbios/0/Config/] (level 4)
00:00:06.868387   BootDevice0        <string>  = "FLOPPY" (cb=7)
00:00:06.868388   BootDevice1        <string>  = "DVD" (cb=4)
00:00:06.868389   BootDevice2        <string>  = "IDE" (cb=4)
00:00:06.868391   BootDevice3        <string>  = "NONE" (cb=5)
00:00:06.868392   FloppyDevice       <string>  = "i82078" (cb=7)
00:00:06.868393   HardDiskDevice     <string>  = "piix3ide" (cb=9)
00:00:06.868394   IOAPIC             <integer> = 0x0000000000000001 (1)
00:00:06.868396   McfgBase           <integer> = 0x0000000000000000 (0)
00:00:06.868397   McfgLength         <integer> = 0x0000000000000000 (0)
00:00:06.868399   NumCPUs            <integer> = 0x0000000000000001 (1)
00:00:06.868400   PXEDebug           <integer> = 0x0000000000000000 (0)
00:00:06.868402   RamHoleSize        <integer> = 0x0000000020000000 (536 870 912, 512 MB)
00:00:06.868404   RamSize            <integer> = 0x0000000080000000 (2 147 483 648, 2 048 MB)
00:00:06.868407   SataHardDiskDevice <string>  = "ahci" (cb=5)
00:00:06.868408   UUID               <bytes>   = "bc ce 9b 36 64 cf 65 4d 8b 35 89 b9 9d 64 07 fe" (cb=16)
00:00:06.868412 
00:00:06.868413 [/Devices/pcbios/0/Config/NetBoot/] (level 5)
00:00:06.868415 
00:00:06.868416 [/Devices/pcbios/0/Config/NetBoot/0/] (level 6)
00:00:06.868419   NIC           <integer> = 0x0000000000000000 (0)
00:00:06.868420   PCIBusNo      <integer> = 0x0000000000000000 (0)
00:00:06.868422   PCIDeviceNo   <integer> = 0x0000000000000003 (3)
00:00:06.868423   PCIFunctionNo <integer> = 0x0000000000000000 (0)
00:00:06.868424 
00:00:06.868425 [/Devices/pci/] (level 2)
00:00:06.868426 
00:00:06.868427 [/Devices/pci/0/] (level 3)
00:00:06.868429   Trusted <integer> = 0x0000000000000001 (1)
00:00:06.868430 
00:00:06.868431 [/Devices/pci/0/Config/] (level 4)
00:00:06.868433   IOAPIC <integer> = 0x0000000000000001 (1)
00:00:06.868434 
00:00:06.868435 [/Devices/pckbd/] (level 2)
00:00:06.868436 
00:00:06.868437 [/Devices/pckbd/0/] (level 3)
00:00:06.868439   Trusted <integer> = 0x0000000000000001 (1)
00:00:06.868440 
00:00:06.868441 [/Devices/pckbd/0/Config/] (level 4)
00:00:06.868443 
00:00:06.868443 [/Devices/pckbd/0/LUN#0/] (level 4)
00:00:06.868445   Driver <string>  = "KeyboardQueue" (cb=14)
00:00:06.868447 
00:00:06.868447 [/Devices/pckbd/0/LUN#0/AttachedDriver/] (level 5)
00:00:06.868450   Driver <string>  = "MainKeyboard" (cb=13)
00:00:06.868451 
00:00:06.868451 [/Devices/pckbd/0/LUN#0/AttachedDriver/Config/] (level 6)
00:00:06.868454   Object <integer> = 0x0000000102d4d7c0 (4 342 470 592)
00:00:06.868456 
00:00:06.868456 [/Devices/pckbd/0/LUN#0/Config/] (level 5)
00:00:06.868459   QueueSize <integer> = 0x0000000000000040 (64)
00:00:06.868460 
00:00:06.868461 [/Devices/pckbd/0/LUN#1/] (level 4)
00:00:06.868463   Driver <string>  = "MouseQueue" (cb=11)
00:00:06.868464 
00:00:06.868465 [/Devices/pckbd/0/LUN#1/AttachedDriver/] (level 5)
00:00:06.868467   Driver <string>  = "MainMouse" (cb=10)
00:00:06.868468 
00:00:06.868469 [/Devices/pckbd/0/LUN#1/AttachedDriver/Config/] (level 6)
00:00:06.868471   Object <integer> = 0x0000000102d4da40 (4 342 471 232)
00:00:06.868473 
00:00:06.868474 [/Devices/pckbd/0/LUN#1/Config/] (level 5)
00:00:06.868476   QueueSize <integer> = 0x0000000000000080 (128)
00:00:06.868478 
00:00:06.868478 [/Devices/pcnet/] (level 2)
00:00:06.868480 
00:00:06.868481 [/Devices/piix3ide/] (level 2)
00:00:06.868482 
00:00:06.868483 [/Devices/piix3ide/0/] (level 3)
00:00:06.868485   PCIBusNo      <integer> = 0x0000000000000000 (0)
00:00:06.868487   PCIDeviceNo   <integer> = 0x0000000000000001 (1)
00:00:06.868488   PCIFunctionNo <integer> = 0x0000000000000001 (1)
00:00:06.868490   Trusted       <integer> = 0x0000000000000001 (1)
00:00:06.868491 
00:00:06.868492 [/Devices/piix3ide/0/Config/] (level 4)
00:00:06.868494   Type <string>  = "PIIX4" (cb=6)
00:00:06.868495 
00:00:06.868495 [/Devices/piix3ide/0/Config/SecondaryMaster/] (level 5)
00:00:06.868498   NonRotationalMedium <integer> = 0x0000000000000000 (0)
00:00:06.868499 
00:00:06.868500 [/Devices/piix3ide/0/LUN#2/] (level 4)
00:00:06.868502   Driver <string>  = "HostDVD" (cb=8)
00:00:06.868503 
00:00:06.868504 [/Devices/piix3ide/0/LUN#2/Config/] (level 5)
00:00:06.868506   Passthrough <integer> = 0x0000000000000000 (0)
00:00:06.868508   Path        <string>  = "MATSHITA DVD-R   UJ-898" (cb=24)
00:00:06.868509 
00:00:06.868510 [/Devices/piix3ide/0/LUN#999/] (level 4)
00:00:06.868512   Driver <string>  = "MainStatus" (cb=11)
00:00:06.868513 
00:00:06.868513 [/Devices/piix3ide/0/LUN#999/Config/] (level 5)
00:00:06.868516   DeviceInstance        <string>  = "piix3ide/0" (cb=11)
00:00:06.868517   First                 <integer> = 0x0000000000000000 (0)
00:00:06.868519   Last                  <integer> = 0x0000000000000003 (3)
00:00:06.868521   pConsole              <integer> = 0x00000001030d7a00 (4 346 182 144)
00:00:06.868523   papLeds               <integer> = 0x00000001030d7cf0 (4 346 182 896)
00:00:06.868525   pmapMediumAttachments <integer> = 0x00000001030d7ff8 (4 346 183 672)
00:00:06.868527 
00:00:06.868527 [/Devices/serial/] (level 2)
00:00:06.868529 
00:00:06.868530 [/Devices/usb-ohci/] (level 2)
00:00:06.868532 
00:00:06.868532 [/Devices/usb-ohci/0/] (level 3)
00:00:06.868535   PCIBusNo      <integer> = 0x0000000000000000 (0)
00:00:06.868536   PCIDeviceNo   <integer> = 0x0000000000000006 (6)
00:00:06.868538   PCIFunctionNo <integer> = 0x0000000000000000 (0)
00:00:06.868539   Trusted       <integer> = 0x0000000000000001 (1)
00:00:06.868541 
00:00:06.868541 [/Devices/usb-ohci/0/Config/] (level 4)
00:00:06.868543 
00:00:06.868544 [/Devices/usb-ohci/0/LUN#0/] (level 4)
00:00:06.868546   Driver <string>  = "VUSBRootHub" (cb=12)
00:00:06.868547 
00:00:06.868548 [/Devices/usb-ohci/0/LUN#0/Config/] (level 5)
00:00:06.868550 
00:00:06.868551 [/Devices/usb-ohci/0/LUN#999/] (level 4)
00:00:06.868553   Driver <string>  = "MainStatus" (cb=11)
00:00:06.868554 
00:00:06.868555 [/Devices/usb-ohci/0/LUN#999/Config/] (level 5)
00:00:06.868558   First   <integer> = 0x0000000000000000 (0)
00:00:06.868559   Last    <integer> = 0x0000000000000000 (0)
00:00:06.868560   papLeds <integer> = 0x00000001030d7fe8 (4 346 183 656)
00:00:06.868562 
00:00:06.868563 [/Devices/vga/] (level 2)
00:00:06.868565 
00:00:06.868565 [/Devices/vga/0/] (level 3)
00:00:06.868568   PCIBusNo      <integer> = 0x0000000000000000 (0)
00:00:06.868569   PCIDeviceNo   <integer> = 0x0000000000000002 (2)
00:00:06.868570   PCIFunctionNo <integer> = 0x0000000000000000 (0)
00:00:06.868572   Trusted       <integer> = 0x0000000000000001 (1)
00:00:06.868573 
00:00:06.868574 [/Devices/vga/0/Config/] (level 4)
00:00:06.868577   CustomVideoModes <integer> = 0x0000000000000000 (0)
00:00:06.868578   FadeIn           <integer> = 0x0000000000000001 (1)
00:00:06.868579   FadeOut          <integer> = 0x0000000000000001 (1)
00:00:06.868581   HeightReduction  <integer> = 0x0000000000000000 (0)
00:00:06.868582   LogoFile         <string>  = "" (cb=1)
00:00:06.868583   LogoTime         <integer> = 0x0000000000000000 (0)
00:00:06.868585   MonitorCount     <integer> = 0x0000000000000001 (1)
00:00:06.868586   ShowBootMenu     <integer> = 0x0000000000000002 (2)
00:00:06.868587   VRamSize         <integer> = 0x0000000008000000 (134 217 728, 128 MB)
00:00:06.868590 
00:00:06.868590 [/Devices/vga/0/LUN#0/] (level 4)
00:00:06.868593   Driver <string>  = "MainDisplay" (cb=12)
00:00:06.868594 
00:00:06.868595 [/Devices/vga/0/LUN#0/Config/] (level 5)
00:00:06.868597   Object <integer> = 0x000000010313a400 (4 346 586 112)
00:00:06.868599 
00:00:06.868600 [/Devices/virtio-net/] (level 2)
00:00:06.868602 
00:00:06.868602 [/HWVirtExt/] (level 1)
00:00:06.868604   64bitEnabled       <integer> = 0x0000000000000001 (1)
00:00:06.868606   EnableLargePages   <integer> = 0x0000000000000001 (1)
00:00:06.868607   EnableNestedPaging <integer> = 0x0000000000000001 (1)
00:00:06.868609   EnableVPID         <integer> = 0x0000000000000001 (1)
00:00:06.868610   Enabled            <integer> = 0x0000000000000001 (1)
00:00:06.868612   Exclusive          <integer> = 0x0000000000000000 (0)
00:00:06.868613 
00:00:06.868614 [/MM/] (level 1)
00:00:06.868615   CanUseLargerHeap <integer> = 0x0000000000000000 (0)
00:00:06.868616 
00:00:06.868617 [/PDM/] (level 1)
00:00:06.868619 
00:00:06.868619 [/PDM/AsyncCompletion/] (level 2)
00:00:06.868621 
00:00:06.868621 [/PDM/AsyncCompletion/File/] (level 3)
00:00:06.868624 
00:00:06.868624 [/PDM/AsyncCompletion/File/BwGroups/] (level 4)
00:00:06.868626 
00:00:06.868627 [/PDM/BlkCache/] (level 2)
00:00:06.868629   CacheSize <integer> = 0x0000000000500000 (5 242 880, 5 MB)
00:00:06.868631 
00:00:06.868632 [/PDM/Devices/] (level 2)
00:00:06.868633 
00:00:06.868634 [/PDM/Drivers/] (level 2)
00:00:06.868636 
00:00:06.868636 [/PDM/Drivers/VBoxC/] (level 3)
00:00:06.868638   Path <string>  = "/Applications/VirtualBox.app/Contents/MacOS/components/VBoxC" (cb=61)
00:00:06.868639 
00:00:06.868640 [/PDM/NetworkShaper/] (level 2)
00:00:06.868642 
00:00:06.868642 [/PDM/NetworkShaper/BwGroups/] (level 3)
00:00:06.868644 
00:00:06.868645 [/TM/] (level 1)
00:00:06.868646   UTCOffset <integer> = 0x0000000000000000 (0)
00:00:06.868648 
00:00:06.868648 [/USB/] (level 1)
00:00:06.868650 
00:00:06.868650 [/USB/HidMouse/] (level 2)
00:00:06.868652 
00:00:06.868652 [/USB/HidMouse/0/] (level 3)
00:00:06.868654 
00:00:06.868655 [/USB/HidMouse/0/Config/] (level 4)
00:00:06.868657   Absolute <integer> = 0x0000000000000001 (1)
00:00:06.868658 
00:00:06.868659 [/USB/HidMouse/0/LUN#0/] (level 4)
00:00:06.868661   Driver <string>  = "MouseQueue" (cb=11)
00:00:06.868662 
00:00:06.868663 [/USB/HidMouse/0/LUN#0/AttachedDriver/] (level 5)
00:00:06.868665   Driver <string>  = "MainMouse" (cb=10)
00:00:06.868666 
00:00:06.868667 [/USB/HidMouse/0/LUN#0/AttachedDriver/Config/] (level 6)
00:00:06.868670   Object <integer> = 0x0000000102d4da40 (4 342 471 232)
00:00:06.868672 
00:00:06.868672 [/USB/HidMouse/0/LUN#0/Config/] (level 5)
00:00:06.868675   QueueSize <integer> = 0x0000000000000080 (128)
00:00:06.868676 
00:00:06.868677 [/USB/USBProxy/] (level 2)
00:00:06.868679 
00:00:06.868679 [/USB/USBProxy/GlobalConfig/] (level 3)
00:00:06.868681 
00:00:06.868682 ********************* End of CFGM dump **********************
00:00:06.868739 MM: cbHyperHeap=0x100000 (1048576)
00:00:06.872914 Debug: HCPhysInterPD=000000007e31d000 HCPhysInterPaePDPT=000000007e320000 HCPhysInterPaePML4=000000007e322000
00:00:06.872941 Debug: apInterPTs={000000007e31e000,000000007e31f000} apInterPaePTs={00000000a72a9000,00000000215aa000} apInterPaePDs={000000010e32b000,0000000117cac000,000000006176d000,00000000224ee000} pInterPaePDPT64=000000007e321000
00:00:06.872950 Host paging mode: AMD64+NX
00:00:06.872964 PGMPool: cMaxPages=1072 (u64MaxPages=1058)
00:00:06.872970 pgmR3PoolInit: cMaxPages=0x430 cMaxUsers=0x860 cMaxPhysExts=0x860 fCacheEnable=true 
00:00:06.999837 TM: GIP - u32Mode=1 (SyncTSC) u32UpdateHz=99
00:00:07.043041 TM: cTSCTicksPerSecond=0x8d3934bc (2 369 336 508) fTSCVirtualized=true  fTSCUseRealTSC=false
00:00:07.043049 TM: fMaybeUseOffsettedHostTSC=true  TSCTiedToExecution=false TSCNotTiedToHalt=false
00:00:07.043491 CoreCode: R3=00000001064f9000 R0=ffffff8072e33000 RC=a0966000 Phys=0000000015626000 cb=0x1000
00:00:07.094385 AIOMgr: Default manager type is "Async"
00:00:07.094402 AIOMgr: Default file backend is "NonBuffered"
00:00:07.094631 BlkCache: Cache successfully initialised. Cache size is 5242880 bytes
00:00:07.094639 BlkCache: Cache commit interval is 10000 ms
00:00:07.094644 BlkCache: Cache commit threshold is 2621440 bytes
00:00:07.202622 [SMP] BIOS with 1 CPUs
00:00:07.323073 SUP: Loaded VBoxDDR0.r0 (/Applications/VirtualBox.app/Contents/MacOS/VBoxDDR0.r0) at 0xffffff808e37d020 - ModuleInit at 0000000000000000 and ModuleTerm at 0000000000000000
00:00:07.374585 SUP: Loaded VBoxDD2R0.r0 (/Applications/VirtualBox.app/Contents/MacOS/VBoxDD2R0.r0) at 0xffffff808e215020 - ModuleInit at 0000000000000000 and ModuleTerm at 0000000000000000
00:00:07.374674 Activating Local APIC
00:00:07.374682 CPUMSetGuestCpuIdFeature: Enabled APIC
00:00:07.374692 CPUMClearGuestCpuIdFeature: Disabled x2APIC
00:00:07.375013 PIT: mode=3 count=0x10000 (65536) - 18.20 Hz (ch=0)
00:00:07.415538 Shared Folders service loaded.
00:00:13.572257 Chipset cannot do MSI: VERR_NOT_IMPLEMENTED
00:00:13.598643 DrvBlock: Flushes will be ignored
00:00:13.598658 DrvBlock: Async flushes will be passed to the disk
00:00:13.599885 VDInit finished
00:00:13.600812 AIOMgr: Endpoint for file '/Users/mustafabarki/VirtualBox VMs/barkim/barkim.vmdk' (flags 000c0781) created successfully
00:00:13.631807 AIOMgr: Endpoint for file '/Users/mustafabarki/VirtualBox VMs/barkim/Snapshots/{aa4c80e6-a0b1-4d65-a129-b3d48c5f44d7}.vmdk' (flags 000c0723) created successfully
00:00:13.773441 VD: Opening the disk took 173854919 ns
00:00:13.773613 AHCI: LUN#0: disk, PCHS=16383/16/63, total number of sectors 52428800
00:00:13.773631 AHCI: LUN#0: using async I/O
00:00:13.773663 AHCI#0: Reset the HBA
00:00:13.773920 PIIX3 ATA: LUN#0: no unit
00:00:13.773929 PIIX3 ATA: LUN#1: no unit
00:00:15.076404 PIIX3 ATA: LUN#2: CD/DVD, total number of sectors 0, passthrough disabled
00:00:15.076432 PIIX3 ATA: LUN#3: no unit
00:00:15.076489 PIIX3 ATA: Ctl#0: finished processing RESET
00:00:15.076511 PIIX3 ATA: Ctl#1: finished processing RESET
00:00:16.129566 NAT: DNS#0: 192.168.1.1
00:00:16.333748 Chipset cannot do MSI: VERR_NOT_IMPLEMENTED
00:00:16.333826 Audio: Trying driver 'coreaudio'.
00:00:16.690154 CoreAudio: Using input device: Built-in Input (UID: AppleHDAEngineInput:8,0,1,0:1)
00:00:16.795971 HDAcodec: can't open in fmt(freq: 44100)
00:00:16.823574 CoreAudio: Using output device: Built-in Output (UID: AppleHDAEngineOutput:8,0,1,1:0)
00:00:16.833030 HDAcodec: can't open out fmt(freq: 44100)
00:00:16.879462 VUSB: attached 'HidMouse' to port 1
00:00:16.885353 DevPcBios: SATA LUN#0 LCHS=1024/255/63
00:00:16.980925 PGM: The CPU physical address width is 36 bits
00:00:16.980945 PGMR3InitFinalize: 4 MB PSE mask 0000000fffffffff
00:00:16.986562 VMM: fUsePeriodicPreemptionTimers=false
00:00:16.986676 Logical host processors: 2 present, 2 max, 2 online, online mask: 0000000000000003
00:00:16.986679 ************************* CPUID dump ************************
00:00:16.986688          RAW Standard CPUIDs
00:00:16.986688      Function  eax      ebx      ecx      edx
00:00:16.986689 Gst: 00000000  00000005 756e6547 6c65746e 49656e69
00:00:16.986691 Hst:           0000000d 756e6547 6c65746e 49656e69
00:00:16.986694 Gst: 00000001  0001067a 00000800 00002209 078bf3bf
00:00:16.986695 Hst:           0001067a 01020800 0408e3fd bfebfbff
00:00:16.986698 Gst: 00000002  05b0b101 005657f0 00000000 2cb43048
00:00:16.986700 Hst:           05b0b101 005657f0 00000000 2cb43048
00:00:16.986701 Gst: 00000003  00000000 00000000 00000000 00000000
00:00:16.986703 Hst:           00000000 00000000 00000000 00000000
00:00:16.986704 Gst: 00000004  00000000 00000000 00000000 00000000
00:00:16.986705 Hst:           04000121 01c0003f 0000003f 00000001
00:00:16.986707 Gst: 00000005  00000040 00000040 00000000 00000000
00:00:16.986709 Hst:           00000040 00000040 00000003 03122220
00:00:16.986710 Name:                            GenuineIntel
00:00:16.986711 Supports:                        0-5
00:00:16.986715 Family:                          6  	Extended: 0 	Effective: 6
00:00:16.986716 Model:                           7  	Extended: 1 	Effective: 23
00:00:16.986718 Stepping:                        10
00:00:16.986718 Type:                            0 (primary)
00:00:16.986719 APIC ID:                         0x00
00:00:16.986720 Logical CPUs:                    0
00:00:16.986721 CLFLUSH Size:                    8
00:00:16.986722 Brand ID:                        0x00
00:00:16.986723 Mnemonic - Description                 = guest (host)
00:00:16.986724 FPU - x87 FPU on Chip                  = 1 (1)
00:00:16.986725 VME - Virtual 8086 Mode Enhancements   = 1 (1)
00:00:16.986726 DE - Debugging extensions              = 1 (1)
00:00:16.986727 PSE - Page Size Extension              = 1 (1)
00:00:16.986728 TSC - Time Stamp Counter               = 1 (1)
00:00:16.986730 MSR - Model Specific Registers         = 1 (1)
00:00:16.986731 PAE - Physical Address Extension       = 0 (1)
00:00:16.986732 MCE - Machine Check Exception          = 1 (1)
00:00:16.986733 CX8 - CMPXCHG8B instruction            = 1 (1)
00:00:16.986734 APIC - APIC On-Chip                    = 1 (1)
00:00:16.986735 10 - Reserved                          = 0 (0)
00:00:16.986736 SEP - SYSENTER and SYSEXIT             = 0 (1)
00:00:16.986736 MTRR - Memory Type Range Registers     = 1 (1)
00:00:16.986737 PGE - PTE Global Bit                   = 1 (1)
00:00:16.986738 MCA - Machine Check Architecture       = 1 (1)
00:00:16.986739 CMOV - Conditional Move Instructions   = 1 (1)
00:00:16.986740 PAT - Page Attribute Table             = 1 (1)
00:00:16.986741 PSE-36 - 36-bit Page Size Extention    = 1 (1)
00:00:16.986742 PSN - Processor Serial Number          = 0 (0)
00:00:16.986743 CLFSH - CLFLUSH Instruction.           = 1 (1)
00:00:16.986744 20 - Reserved                          = 0 (0)
00:00:16.986745 DS - Debug Store                       = 0 (1)
00:00:16.986746 ACPI - Thermal Mon. & Soft. Clock Ctrl.= 0 (1)
00:00:16.986747 MMX - Intel MMX Technology             = 1 (1)
00:00:16.986748 FXSR - FXSAVE and FXRSTOR Instructions = 1 (1)
00:00:16.986752 SSE - SSE Support                      = 1 (1)
00:00:16.986753 SSE2 - SSE2 Support                    = 1 (1)
00:00:16.986754 SS - Self Snoop                        = 0 (1)
00:00:16.986755 HTT - Hyper-Threading Technology       = 0 (1)
00:00:16.986756 TM - Thermal Monitor                   = 0 (1)
00:00:16.986757 30 - Reserved                          = 0 (0)
00:00:16.986758 PBE - Pending Break Enable             = 0 (1)
00:00:16.986759 Supports SSE3                          = 1 (1)
00:00:16.986761 PCLMULQDQ                              = 0 (0)
00:00:16.986761 DS Area 64-bit layout                  = 0 (1)
00:00:16.986762 Supports MONITOR/MWAIT                 = 1 (1)
00:00:16.986763 CPL-DS - CPL Qualified Debug Store     = 0 (1)
00:00:16.986764 VMX - Virtual Machine Technology       = 0 (1)
00:00:16.986765 SMX - Safer Mode Extensions            = 0 (1)
00:00:16.986766 Enhanced SpeedStep Technology          = 0 (1)
00:00:16.986767 Terminal Monitor 2                     = 0 (1)
00:00:16.986768 Supplemental SSE3 instructions         = 1 (1)
00:00:16.986769 L1 Context ID                          = 0 (0)
00:00:16.986770 11 - Reserved                          = 0 (0)
00:00:16.986771 FMA extensions using YMM state         = 0 (0)
00:00:16.986772 CMPXCHG16B instruction                 = 1 (1)
00:00:16.986773 xTPR Update Control                    = 0 (1)
00:00:16.986774 Perf/Debug Capability MSR              = 0 (1)
00:00:16.986775 16 - Reserved                          = 0 (0)
00:00:16.986776 PCID - Process-context identifiers     = 0 (0)
00:00:16.986777 DCA - Direct Cache Access              = 0 (0)
00:00:16.986778 SSE4.1 instruction extensions          = 0 (1)
00:00:16.986779 SSE4.2 instruction extensions          = 0 (0)
00:00:16.986780 Supports the x2APIC extensions         = 0 (0)
00:00:16.986781 MOVBE instruction                      = 0 (0)
00:00:16.986782 POPCNT instruction                     = 0 (0)
00:00:16.986783 TSC-Deadline LAPIC timer mode          = 0 (0)
00:00:16.986784 AESNI instruction extensions           = 0 (0)
00:00:16.986785 XSAVE/XRSTOR extended state feature    = 0 (1)
00:00:16.986786 Supports OSXSAVE                       = 0 (0)
00:00:16.986787 AVX instruction extensions             = 0 (0)
00:00:16.986788 29/30 - Reserved                       = 0x0 (0x0)
00:00:16.986789 Hypervisor Present (we're a guest)     = 0 (0)
00:00:16.986790 
00:00:16.986790          RAW Extended CPUIDs
00:00:16.986791      Function  eax      ebx      ecx      edx
00:00:16.986791 Gst: 80000000  80000008 00000000 00000000 00000000
00:00:16.986793 Hst:           80000008 00000000 00000000 00000000
00:00:16.986795 Gst: 80000001  00000000 00000000 00000000 00000000
00:00:16.986796 Hst:           00000000 00000000 00000001 20100800
00:00:16.986798 Gst: 80000002  65746e49 2952286c 726f4320 4d542865
00:00:16.986800 Hst:           65746e49 2952286c 726f4320 4d542865
00:00:16.986802 Gst: 80000003  44203229 43206f75 20205550 50202020
00:00:16.986805 Hst:           44203229 43206f75 20205550 50202020
00:00:16.986807 Gst: 80000004  30303638 20402020 30342e32 007a4847
00:00:16.986809 Hst:           30303638 20402020 30342e32 007a4847
00:00:16.986811 Gst: 80000005  00000000 00000000 00000000 00000000
00:00:16.986812 Hst:           00000000 00000000 00000000 00000000
00:00:16.986814 Gst: 80000006  00000000 00000000 0c006040 00000000
00:00:16.986815 Hst:           00000000 00000000 0c006040 00000000
00:00:16.986817 Gst: 80000007  00000000 00000000 00000000 00000000
00:00:16.986818 Hst:           00000000 00000000 00000000 00000000
00:00:16.986820 Gst: 80000008  00003024 00000000 00000000 00000000
00:00:16.986821 Hst:           00003024 00000000 00000000 00000000
00:00:16.986823 Gst: 80000009  00000003 00000240 00000240 00000000*
00:00:16.986825 Hst:           00000003 00000240 00000240 00000000
00:00:16.986826 Ext Name:                        
00:00:16.986827 Ext Supports:                    0x80000000-0x80000008
00:00:16.986828 Family:                          0  	Extended: 0 	Effective: 0
00:00:16.986829 Model:                           0  	Extended: 0 	Effective: 0
00:00:16.986830 Stepping:                        0
00:00:16.986831 Brand ID:                        0x000
00:00:16.986832 Mnemonic - Description                 = guest (host)
00:00:16.986833 FPU - x87 FPU on Chip                  = 0 (0)
00:00:16.986834 VME - Virtual 8086 Mode Enhancements   = 0 (0)
00:00:16.986835 DE - Debugging extensions              = 0 (0)
00:00:16.986836 PSE - Page Size Extension              = 0 (0)
00:00:16.986837 TSC - Time Stamp Counter               = 0 (0)
00:00:16.986838 MSR - K86 Model Specific Registers     = 0 (0)
00:00:16.986838 PAE - Physical Address Extension       = 0 (0)
00:00:16.986839 MCE - Machine Check Exception          = 0 (0)
00:00:16.986840 CX8 - CMPXCHG8B instruction            = 0 (0)
00:00:16.986841 APIC - APIC On-Chip                    = 0 (0)
00:00:16.986842 10 - Reserved                          = 0 (0)
00:00:16.986843 SEP - SYSCALL and SYSRET               = 0 (1)
00:00:16.986844 MTRR - Memory Type Range Registers     = 0 (0)
00:00:16.986845 PGE - PTE Global Bit                   = 0 (0)
00:00:16.986846 MCA - Machine Check Architecture       = 0 (0)
00:00:16.986847 CMOV - Conditional Move Instructions   = 0 (0)
00:00:16.986848 PAT - Page Attribute Table             = 0 (0)
00:00:16.986849 PSE-36 - 36-bit Page Size Extention    = 0 (0)
00:00:16.986850 18 - Reserved                          = 0 (0)
00:00:16.986851 19 - Reserved                          = 0 (0)
00:00:16.986852 NX - No-Execute Page Protection        = 0 (1)
00:00:16.986852 DS - Debug Store                       = 0 (0)
00:00:16.986853 AXMMX - AMD Extensions to MMX Instr.   = 0 (0)
00:00:16.986854 MMX - Intel MMX Technology             = 0 (0)
00:00:16.986855 FXSR - FXSAVE and FXRSTOR Instructions = 0 (0)
00:00:16.986856 25 - AMD fast FXSAVE and FXRSTOR Instr.= 0 (0)
00:00:16.986857 26 - 1 GB large page support           = 0 (0)
00:00:16.986858 27 - RDTSCP instruction                = 0 (0)
00:00:16.986859 28 - Reserved                          = 0 (0)
00:00:16.986860 29 - AMD Long Mode                     = 0 (1)
00:00:16.986861 30 - AMD Extensions to 3DNow!          = 0 (0)
00:00:16.986862 31 - AMD 3DNow!                        = 0 (0)
00:00:16.986863 LahfSahf - LAHF/SAHF in 64-bit mode    = 0 (1)
00:00:16.986864 CmpLegacy - Core MP legacy mode (depr) = 0 (0)
00:00:16.986865 SVM - AMD VM Extensions                = 0 (0)
00:00:16.986866 APIC registers starting at 0x400       = 0 (0)
00:00:16.986866 AltMovCR8 - LOCK MOV CR0 means MOV CR8 = 0 (0)
00:00:16.986867 5  - Advanced bit manipulation         = 0 (0)
00:00:16.986868 6  - SSE4A instruction support         = 0 (0)
00:00:16.986869 7  - Misaligned SSE mode               = 0 (0)
00:00:16.986870 8  - PREFETCH and PREFETCHW instruction= 0 (0)
00:00:16.986871 9  - OS visible workaround             = 0 (0)
00:00:16.986872 10 - Instruction based sampling        = 0 (0)
00:00:16.986873 11 - SSE5 support                      = 0 (0)
00:00:16.986877 12 - SKINIT, STGI, and DEV support     = 0 (0)
00:00:16.986878 13 - Watchdog timer support.           = 0 (0)
00:00:16.986879 31:14 - Reserved                       = 0x0 (0x0)
00:00:16.986880 Full Name:                       Intel(R) Core(TM)2 Duo CPU     P8600  @ 2.40GHz
00:00:16.986881 TLB 2/4M Instr/Uni:              res0     0 entries
00:00:16.986882 TLB 2/4M Data:                   res0     0 entries
00:00:16.986883 TLB 4K Instr/Uni:                res0     0 entries
00:00:16.986884 TLB 4K Data:                     res0     0 entries
00:00:16.986885 L1 Instr Cache Line Size:        0 bytes
00:00:16.986886 L1 Instr Cache Lines Per Tag:    0
00:00:16.986887 L1 Instr Cache Associativity:    res0  
00:00:16.986887 L1 Instr Cache Size:             0 KB
00:00:16.986888 L1 Data Cache Line Size:         0 bytes
00:00:16.986889 L1 Data Cache Lines Per Tag:     0
00:00:16.986890 L1 Data Cache Associativity:     res0  
00:00:16.986890 L1 Data Cache Size:              0 KB
00:00:16.986891 L2 TLB 2/4M Instr/Uni:           off       0 entries
00:00:16.986892 L2 TLB 2/4M Data:                off       0 entries
00:00:16.986893 L2 TLB 4K Instr/Uni:             off       0 entries
00:00:16.986894 L2 TLB 4K Data:                  off       0 entries
00:00:16.986895 L2 Cache Line Size:              0 bytes
00:00:16.986896 L2 Cache Lines Per Tag:          0
00:00:16.986896 L2 Cache Associativity:          off   
00:00:16.986897 L2 Cache Size:                   0 KB
00:00:16.986898 APM Features:                   
00:00:16.986899 Physical Address Width:          36 bits
00:00:16.986900 Virtual Address Width:           48 bits
00:00:16.986901 Guest Physical Address Width:    0 bits
00:00:16.986902 Physical Core Count:             0
00:00:16.986902 
00:00:16.986903          RAW Centaur CPUIDs
00:00:16.986903      Function  eax      ebx      ecx      edx
00:00:16.986904 Gst: c0000000  00000003 00000240 00000240 00000000
00:00:16.986906 Hst:           00000003 00000240 00000240 00000000
00:00:16.986908 Gst: c0000001  00000003 00000240 00000240 00000000
00:00:16.986909 Hst:           00000003 00000240 00000240 00000000
00:00:16.986911 Gst: c0000002  00000003 00000240 00000240 00000000
00:00:16.986912 Hst:           00000003 00000240 00000240 00000000
00:00:16.986914 Gst: c0000003  00000003 00000240 00000240 00000000
00:00:16.986916 Hst:           00000003 00000240 00000240 00000000
00:00:16.986917 Centaur Supports:                0xc0000000-0x00000003
00:00:16.986918 Mnemonic - Description                 = guest (host)
00:00:16.986919 AIS - Alternate Instruction Set        = 0 (0)
00:00:16.986920 AIS-E - AIS enabled                    = 0 (0)
00:00:16.986921 RNG - Random Number Generator          = 0 (0)
00:00:16.986922 RNG-E - RNG enabled                    = 0 (0)
00:00:16.986923 LH - LongHaul MSR 0000_110Ah           = 0 (0)
00:00:16.986924 FEMMS - FEMMS                          = 0 (0)
00:00:16.986925 ACE - Advanced Cryptography Engine     = 0 (0)
00:00:16.986926 ACE-E - ACE enabled                    = 0 (0)
00:00:16.986927 ACE2 - Advanced Cryptography Engine 2  = 0 (0)
00:00:16.986928 ACE2-E - ACE enabled                   = 0 (0)
00:00:16.986929 PHE - Padlock Hash Engine              = 0 (0)
00:00:16.986930 PHE-E - PHE enabled                    = 0 (0)
00:00:16.986931 PMM - Montgomery Multiplier            = 0 (0)
00:00:16.986931 PMM-E - PMM enabled                    = 0 (0)
00:00:16.986932 14 - Reserved                          = 0 (0)
00:00:16.986933 15 - Reserved                          = 0 (0)
00:00:16.986934 Parallax                               = 0 (0)
00:00:16.986935 Parallax enabled                       = 0 (0)
00:00:16.986936 Overstress                             = 0 (0)
00:00:16.986937 Overstress enabled                     = 0 (0)
00:00:16.986938 TM3 - Temperature Monitoring 3         = 0 (0)
00:00:16.986939 TM3-E - TM3 enabled                    = 0 (0)
00:00:16.986940 RNG2 - Random Number Generator 2       = 0 (0)
00:00:16.986941 RNG2-E - RNG2 enabled                  = 0 (0)
00:00:16.986942 24 - Reserved                          = 0 (0)
00:00:16.986943 PHE2 - Padlock Hash Engine 2           = 0 (0)
00:00:16.986944 PHE2-E - PHE2 enabled                  = 0 (0)
00:00:16.986945 
00:00:16.986946 
00:00:16.986946 ******************** End of CPUID dump **********************
00:00:16.987063 HWACCM: Host CR4=00002660
00:00:16.987070 HWACCM: MSR_IA32_FEATURE_CONTROL      = 7
00:00:16.987071 HWACCM: MSR_IA32_VMX_BASIC_INFO       = 5a08000000000d
00:00:16.987073 HWACCM: VMCS id                       = d
00:00:16.987074 HWACCM: VMCS size                     = 800
00:00:16.987075 HWACCM: VMCS physical address limit   = None
00:00:16.987076 HWACCM: VMCS memory type              = 6
00:00:16.987077 HWACCM: Dual monitor treatment        = 1
00:00:16.987080 HWACCM: MSR_IA32_VMX_PINBASED_CTLS    = 3f00000016
00:00:16.987082 HWACCM:    VMX_VMCS_CTRL_PIN_EXEC_CONTROLS_EXT_INT_EXIT
00:00:16.987083 HWACCM:    VMX_VMCS_CTRL_PIN_EXEC_CONTROLS_NMI_EXIT
00:00:16.987086 HWACCM:    VMX_VMCS_CTRL_PIN_EXEC_CONTROLS_VIRTUAL_NMI
00:00:16.987087 HWACCM: MSR_IA32_VMX_PROCBASED_CTLS   = f7f9fffe0401e172
00:00:16.987089 HWACCM:    VMX_VMCS_CTRL_PROC_EXEC_CONTROLS_IRQ_WINDOW_EXIT
00:00:16.987090 HWACCM:    VMX_VMCS_CTRL_PROC_EXEC_CONTROLS_TSC_OFFSET
00:00:16.987090 HWACCM:    VMX_VMCS_CTRL_PROC_EXEC_CONTROLS_HLT_EXIT
00:00:16.987091 HWACCM:    VMX_VMCS_CTRL_PROC_EXEC_CONTROLS_INVLPG_EXIT
00:00:16.987092 HWACCM:    VMX_VMCS_CTRL_PROC_EXEC_CONTROLS_MWAIT_EXIT
00:00:16.987093 HWACCM:    VMX_VMCS_CTRL_PROC_EXEC_CONTROLS_RDPMC_EXIT
00:00:16.987093 HWACCM:    VMX_VMCS_CTRL_PROC_EXEC_CONTROLS_RDTSC_EXIT
00:00:16.987094 HWACCM:    VMX_VMCS_CTRL_PROC_EXEC_CONTROLS_CR3_LOAD_EXIT
00:00:16.987095 HWACCM:    VMX_VMCS_CTRL_PROC_EXEC_CONTROLS_CR3_STORE_EXIT
00:00:16.987096 HWACCM:    VMX_VMCS_CTRL_PROC_EXEC_CONTROLS_CR8_LOAD_EXIT
00:00:16.987097 HWACCM:    VMX_VMCS_CTRL_PROC_EXEC_CONTROLS_CR8_STORE_EXIT
00:00:16.987097 HWACCM:    VMX_VMCS_CTRL_PROC_EXEC_CONTROLS_USE_TPR_SHADOW
00:00:16.987098 HWACCM:    VMX_VMCS_CTRL_PROC_EXEC_CONTROLS_NMI_WINDOW_EXIT
00:00:16.987099 HWACCM:    VMX_VMCS_CTRL_PROC_EXEC_CONTROLS_MOV_DR_EXIT
00:00:16.987100 HWACCM:    VMX_VMCS_CTRL_PROC_EXEC_CONTROLS_UNCOND_IO_EXIT
00:00:16.987101 HWACCM:    VMX_VMCS_CTRL_PROC_EXEC_CONTROLS_USE_IO_BITMAPS
00:00:16.987101 HWACCM:    VMX_VMCS_CTRL_PROC_EXEC_CONTROLS_USE_MSR_BITMAPS
00:00:16.987102 HWACCM:    VMX_VMCS_CTRL_PROC_EXEC_CONTROLS_MONITOR_EXIT
00:00:16.987103 HWACCM:    VMX_VMCS_CTRL_PROC_EXEC_CONTROLS_PAUSE_EXIT
00:00:16.987104 HWACCM:    VMX_VMCS_CTRL_PROC_EXEC_USE_SECONDARY_EXEC_CTRL
00:00:16.987105 HWACCM:    VMX_VMCS_CTRL_PROC_EXEC_CONTROLS_CR3_LOAD_EXIT *must* be set
00:00:16.987105 HWACCM:    VMX_VMCS_CTRL_PROC_EXEC_CONTROLS_CR3_STORE_EXIT *must* be set
00:00:16.987107 HWACCM: MSR_IA32_VMX_PROCBASED_CTLS2  = 4100000000
00:00:16.987108 HWACCM:    VMX_VMCS_CTRL_PROC_EXEC2_VIRT_APIC
00:00:16.987109 HWACCM:    VMX_VMCS_CTRL_PROC_EXEC2_WBINVD_EXIT
00:00:16.987112 HWACCM: MSR_IA32_VMX_ENTRY_CTLS       = 3fff000011ff
00:00:16.987113 HWACCM:    VMX_VMCS_CTRL_ENTRY_CONTROLS_LOAD_DEBUG
00:00:16.987114 HWACCM:    VMX_VMCS_CTRL_ENTRY_CONTROLS_IA64_MODE
00:00:16.987115 HWACCM:    VMX_VMCS_CTRL_ENTRY_CONTROLS_ENTRY_SMM
00:00:16.987116 HWACCM:    VMX_VMCS_CTRL_ENTRY_CONTROLS_DEACTIVATE_DUALMON
00:00:16.987117 HWACCM:    VMX_VMCS_CTRL_ENTRY_CONTROLS_LOAD_GUEST_PERF_MSR
00:00:16.987118 HWACCM:    VMX_VMCS_CTRL_ENTRY_CONTROLS_LOAD_DEBUG *must* be set
00:00:16.987118 HWACCM: MSR_IA32_VMX_EXIT_CTLS        = 3ffff00036dff
00:00:16.987120 HWACCM:    VMX_VMCS_CTRL_EXIT_CONTROLS_SAVE_DEBUG
00:00:16.987121 HWACCM:    VMX_VMCS_CTRL_EXIT_CONTROLS_HOST_AMD64
00:00:16.987121 HWACCM:    VMX_VMCS_CTRL_EXIT_CONTROLS_ACK_EXTERNAL_IRQ
00:00:16.987122 HWACCM:    VMX_VMCS_CTRL_EXIT_CONTROLS_SAVE_DEBUG *must* be set
00:00:16.987123 HWACCM: MSR_IA32_VMX_MISC             = 403c0
00:00:16.987124 HWACCM:    MSR_IA32_VMX_MISC_PREEMPT_TSC_BIT 0
00:00:16.987125 HWACCM:    MSR_IA32_VMX_MISC_ACTIVITY_STATES 7
00:00:16.987126 HWACCM:    MSR_IA32_VMX_MISC_CR3_TARGET      4
00:00:16.987127 HWACCM:    MSR_IA32_VMX_MISC_MAX_MSR         200
00:00:16.987128 HWACCM:    MSR_IA32_VMX_MISC_MSEG_ID         0
00:00:16.987129 HWACCM: MSR_IA32_VMX_CR0_FIXED0       = 80000021
00:00:16.987130 HWACCM: MSR_IA32_VMX_CR0_FIXED1       = ffffffff
00:00:16.987131 HWACCM: MSR_IA32_VMX_CR4_FIXED0       = 2000
00:00:16.987132 HWACCM: MSR_IA32_VMX_CR4_FIXED1       = 467ff
00:00:16.987133 HWACCM: MSR_IA32_VMX_VMCS_ENUM        = 2c
00:00:16.987134 HWACCM: TPR shadow physaddr           = 000000001562a000
00:00:16.987136 HWACCM: VCPU0: MSR bitmap physaddr    = 0000000015631000
00:00:16.987137 HWACCM: VCPU0: VMCS physaddr          = 000000001562d000
00:00:16.987144 HWACCM: Real Mode TSS guest physaddr  = 00000000f0800000
00:00:16.987146 HWACCM: Non-Paging Mode EPT CR3       = 00000000f0803000
00:00:16.987167 CPUMSetGuestCpuIdFeature: Enabled sysenter/exit
00:00:16.987168 CPUMSetGuestCpuIdFeature: Enabled PAE
00:00:16.987169 CPUMSetGuestCpuIdFeature: Enabled LONG MODE
00:00:16.987170 CPUMSetGuestCpuIdFeature: Enabled syscall/ret
00:00:16.987171 CPUMSetGuestCpuIdFeature: Enabled LAHF/SAHF
00:00:16.987172 CPUMSetGuestCpuIdFeature: Enabled NX
00:00:16.987172 HWACCM: 32-bit and 64-bit guests supported.
00:00:16.987173 HWACCM: VMX enabled!
00:00:16.987174 HWACCM: TPR Patching disabled.
00:00:16.987175 HWACCM:    VT-x/AMD-V init method: GLOBAL
00:00:16.991837 VM: Halt method global1 (5)
00:00:16.991896 HaltedGlobal1 config: cNsSpinBlockThresholdCfg=2000
00:00:16.991904 Changing the VM state from 'CREATING' to 'CREATED'.
00:00:16.992438 Changing the VM state from 'CREATED' to 'LOADING'.
00:00:16.993197 SSM: File header: Format 2.0, VirtualBox Version 4.2.18 r88780, 64-bit host, cbGCPhys=8, cbGCPtr=8
00:00:17.002433 VUSB: detached 'HidMouse' from port 1
00:00:17.002480 SSM: Saved state info:
00:00:17.002508 SSM:   Build Type: release
00:00:17.002515 SSM:   Host OS: darwin.amd64
00:00:17.003812 PCI:    PIIX3/0: register 60: 0b -> 05
00:00:17.003830 PCI:    PIIX3/0: register 61: 09 -> 0b
00:00:17.003836 PCI:    PIIX3/0: register 62: 0b -> 0a
00:00:17.003880 PCI:      vga/0:  8-bit field INTERRUPT_LINE: 9 -> b
00:00:17.003887 PCI:      vga/0: 16-bit field COMMAND: 3 -> 7
00:00:17.008458 PCI:    e1000/0:  8-bit field INTERRUPT_LINE: b -> a
00:00:17.008478 PCI:    e1000/0: 16-bit field COMMAND: 3 -> 7
00:00:17.008541 PCI:   VMMDev/0: 16-bit field COMMAND: 3 -> 7
00:00:17.008584 PCI:      hda/0:  8-bit field INTERRUPT_LINE: b -> 5
00:00:17.008591 PCI:      hda/0: 16-bit field COMMAND: 2 -> 7
00:00:17.008604 PCI: usb-ohci/0:  8-bit field INTERRUPT_LINE: 9 -> b
00:00:17.008611 PCI: usb-ohci/0: 16-bit field COMMAND: 2 -> 7
00:00:17.008631 PCI:     acpi/0: 16-bit field COMMAND: 1 -> 7
00:00:17.008639 PCI:     ahci/0:  8-bit field INTERRUPT_LINE: b -> 5
00:00:17.008645 PCI:     ahci/0: 16-bit field COMMAND: 3 -> 7
00:00:17.206730 TM: cTSCTicksPerSecond=0x8eb27418 (2 394 059 800) fTSCVirtualized=true  fTSCUseRealTSC=false (state load)
00:00:17.233504 PIT: mode=2 count=0x10000 (65536) - 18.20 Hz (ch=0) (restore)
00:00:17.233542 RTC: stopped the periodic timer (restore)
00:00:17.233583 HGCM: restoring [VBoxSharedFolders]
00:00:17.233590 HGCM: restoring [VBoxGuestControlSvc]
00:00:17.233594 HGCM: restoring [VBoxGuestPropSvc]
00:00:17.233599 HGCM: restoring [VBoxDragAndDropSvc]
00:00:17.233604 HGCM: restoring [VBoxSharedClipboard]
00:00:17.255447 Changing the VM state from 'LOADING' to 'SUSPENDED'.
00:00:17.255907 Changing the VM state from 'SUSPENDED' to 'RESUMING'.
00:00:17.256045 Changing the VM state from 'RESUMING' to 'RUNNING'.
00:00:17.262255 Display::handleDisplayResize(): uScreenId = 0, pvVRAM=0000000000000000 w=720 h=400 bpp=0 cbLine=0x0, flags=0x1
00:00:17.513151 VUSB: attached 'HidMouse' to port 1
00:00:17.598104 2D video acceleration is disabled.
00:00:20.388963 Changing the VM state from 'RUNNING' to 'SUSPENDING'.
00:00:20.401741 AIOMgr: Endpoint for file '/Users/mustafabarki/VirtualBox VMs/barkim/Snapshots/{aa4c80e6-a0b1-4d65-a129-b3d48c5f44d7}.vmdk' (flags 000c0781) created successfully
00:00:20.649653 PDMR3Suspend: 260 655 445 ns run time
00:00:20.649678 Changing the VM state from 'SUSPENDING' to 'SUSPENDED'.
00:00:23.143411 Changing the VM state from 'SUSPENDED' to 'SAVING'.
00:00:23.144012 VUSB: detached 'HidMouse' from port 1
00:00:23.643666 SSM: Footer at 0xe9a0f (956943), 35 directory entries.
00:00:23.643712 VUSB: attached 'HidMouse' to port 1
00:00:23.646034 SSM: Successfully saved the VM state to '/Users/mustafabarki/VirtualBox VMs/barkim/Snapshots/2013-10-05T02-36-02-140320000Z.sav'
00:00:23.646059 Changing the VM state from 'SAVING' to 'SUSPENDED'.
00:00:23.646128 Console::powerDown(): A request to power off the VM has been issued (mMachineState=Saving, InUninit=0)
00:00:23.646268 Changing the VM state from 'SUSPENDED' to 'POWERING_OFF'.
00:00:23.646279 ****************** Guest state at power off ******************
00:00:23.646284 Guest CPUM (VCPU 0) state: 
00:00:23.646297 eax=00150000 ebx=0000046e ecx=00000000 edx=00000500 esi=00000000 edi=000007c0
00:00:23.646299 eip=00001b36 esp=000077be ebp=000077d0 iopl=0      rf nv up di pl zr na pe nc
00:00:23.646302 cs={f000 base=00000000000f0000 limit=0000ffff flags=000000f3} dr0=00000000 dr1=00000000
00:00:23.646306 ds={f000 base=00000000000f0000 limit=0000ffff flags=000000f3} dr2=00000000 dr3=00000000
00:00:23.646309 es={0000 base=0000000000000000 limit=0000ffff flags=000000f3} dr4=00000000 dr5=00000000
00:00:23.646311 fs={0000 base=0000000000000000 limit=0000ffff flags=000000f3} dr6=ffff0ff0 dr7=00000400
00:00:23.646314 gs={0000 base=0000000000000000 limit=0000ffff flags=000000f3} cr0=00000010 cr2=00000000
00:00:23.646316 ss={0000 base=0000000000000000 limit=0000ffff flags=000000f3} cr3=00000000 cr4=00000000
00:00:23.646318 gdtr=00000000000fe898:0047  idtr=0000000000000000:ffff  eflags=00010002
00:00:23.646321 ldtr={0000 base=00000000 limit=00000000 flags=00000082}
00:00:23.646322 tr  ={0000 base=00000000 limit=0000ffff flags=0000008b}
00:00:23.646324 SysEnter={cs=0000 eip=00000000 esp=00000000}
00:00:23.646325 FCW=037f FSW=0000 FTW=0000 FOP=0000 MXCSR=00001f80 MXCSR_MASK=0000ffff
00:00:23.646328 FPUIP=00000000 CS=0000 Rsrvd1=0000  FPUDP=00000000 DS=0000 Rsvrd2=0000
00:00:23.646330 ST(0)=FPR0={0000'00000000'00000000} t0 +0.0000000000000000000000 ^ 0
00:00:23.646333 ST(1)=FPR1={0000'00000000'00000000} t0 +0.0000000000000000000000 ^ 0
00:00:23.646336 ST(2)=FPR2={0000'00000000'00000000} t0 +0.0000000000000000000000 ^ 0
00:00:23.646339 ST(3)=FPR3={0000'00000000'00000000} t0 +0.0000000000000000000000 ^ 0
00:00:23.646341 ST(4)=FPR4={0000'00000000'00000000} t0 +0.0000000000000000000000 ^ 0
00:00:23.646344 ST(5)=FPR5={0000'00000000'00000000} t0 +0.0000000000000000000000 ^ 0
00:00:23.646347 ST(6)=FPR6={0000'00000000'00000000} t0 +0.0000000000000000000000 ^ 0
00:00:23.646349 ST(7)=FPR7={0000'00000000'00000000} t0 +0.0000000000000000000000 ^ 0
00:00:23.646352 XMM0 =00000000'00000000'00000000'00000000  XMM1 =00000000'00000000'00000000'00000000
00:00:23.646355 XMM2 =00000000'00000000'00000000'00000000  XMM3 =00000000'00000000'00000000'00000000
00:00:23.646358 XMM4 =00000000'00000000'00000000'00000000  XMM5 =00000000'00000000'00000000'00000000
00:00:23.646361 XMM6 =00000000'00000000'00000000'00000000  XMM7 =00000000'00000000'00000000'00000000
00:00:23.646365 XMM8 =00000000'00000000'00000000'00000000  XMM9 =00000000'00000000'00000000'00000000
00:00:23.646368 XMM10=00000000'00000000'00000000'00000000  XMM11=00000000'00000000'00000000'00000000
00:00:23.646371 XMM12=00000000'00000000'00000000'00000000  XMM13=00000000'00000000'00000000'00000000
00:00:23.646374 XMM14=00000000'00000000'00000000'00000000  XMM15=00000000'00000000'00000000'00000000
00:00:23.646378 EFER         =0000000000000000
00:00:23.646379 PAT          =0007040600070406
00:00:23.646380 STAR         =0000000000000000
00:00:23.646381 CSTAR        =0000000000000000
00:00:23.646382 LSTAR        =0000000000000000
00:00:23.646383 SFMASK       =0000000000000000
00:00:23.646383 KERNELGSBASE =0000000000000000
00:00:23.646384 ***
00:00:23.646389 Guest paging mode:  Real (changed 2 times), A20 disabled (changed 0 times)
00:00:23.646391 Shadow paging mode: PAE
00:00:23.646392 Host paging mode:   AMD64+NX
00:00:23.646393 ***
00:00:23.646398 Active Timers (pVM=0000000106683000)
00:00:23.646399 pTimerR3         offNext  offPrev  offSched Clock               Time             Expire HzHint State                     Description
00:00:23.646404 000000010bdc64d0 00012c80 00000000 00000000 Real           134070567          134067316      0 2-ACTIVE                  VGA Refresh Timer
00:00:23.646410 000000010bdd9150 ffffff80 fffed380 00000000 Real           134070567          134067333      0 2-ACTIVE                  EMT Yielder
00:00:23.646414 000000010bdd90d0 00000000 00000080 00000000 Real           134070567          134067905      0 2-ACTIVE                  CPU Load Timer
00:00:23.646419 000000010bdd4880 00000000 00000000 00000000 Virt         24622448530        24364520892      0 2-ACTIVE                  Audio timer
00:00:23.646423 000000010bdbd9b0 00000670 00000000 00000000 VrSy         24360088757        24411964859     18 2-ACTIVE                  i8254 Programmable Interval Timer
00:00:23.646428 000000010bdbe020 00019cb0 fffff990 00000000 VrSy         24360088757        24990000000      0 2-ACTIVE                  MC146818 RTC/CMOS - Second
00:00:23.646432 000000010bdd7cd0 00000000 fffe6350 00000000 VrSy         24360088757      1220980472391      0 2-ACTIVE                  ACPI PM Timer
00:00:23.646437 ***
00:00:23.646441 Shadow GDT (GCAddr=ff56d000):
00:00:23.646466 ffd8 - 81980087 fe0089c0 - base=fec08198 limit=00000087 dpl=0 TSS32Avail Present 16-bit  HyperTSSTrap08
00:00:23.646469 ffe0 - 81100087 fe0089c0 - base=fec08110 limit=00000087 dpl=0 TSS32Avail Present 16-bit  HyperTSS
00:00:23.646472 ffe8 - 0000ffff 00af9b00 - base=00000000 limit=ffffffff dpl=0 CodeER Accessed Present Page 16-bit  HyperCS64
00:00:23.646474 fff0 - 0000ffff 00cf9300 - base=00000000 limit=ffffffff dpl=0 DataRW Accessed Present Page 32-bit  HyperDS
00:00:23.646477 fff8 - 0000ffff 00cf9b00 - base=00000000 limit=ffffffff dpl=0 CodeER Accessed Present Page 32-bit  HyperCS
00:00:23.646478 ***
00:00:23.646479 ***
00:00:23.646479 ss:sp=0000:77be 0000:7780 TO 0000:787f:
00:00:23.646484 000000000b5beca0 0000: 0a 07 01 00 00 77 07 77-00 00 c0 07 96 77 da 31 .....w.w.....w.1
00:00:23.646489 000000000b5becb0 0010: 0a 0e c0 07 00 00 ba 77-f0 00 c0 07 00 00 ba 77 .......w.......w
00:00:23.646494 000000000b5becc0 0020: aa 77 07 00 04 05 0a 00-0a 0e 00 f0 00 00 46 00 .w............F.
00:00:23.646498 000000000b5becd0 0030: 8f 17 00 f0 46 02 00 00-6d 04 d0 77 20 1b 00 00 ....F...m..w ...
00:00:23.646502 000000000b5bece0 0040: 00 00 c0 07 00 00 c0 07-00 00 00 00 00 f0 de 0c ................
00:00:23.646506 000000000b5becf0 0050: da 77 95 46 07 00 6e 04-02 00 f2 77 f0 47 01 00 .w.F..n....w.G..
00:00:23.646510 000000000b5bed00 0060: 15 00 03 00 c0 9f 00 00-00 00 01 00 80 00 f0 ff ................
00:00:23.646514 000000000b5bed10 0070: a0 f4 f8 77 eb f0 03 00-fa 77 b7 e2 00 f0 46 02 ...w.....w....F.
00:00:23.646518 000000000b5bed20 0080: 00 00 00 00 00 00 00 00-00 00 00 00 00 00 00 00 ................
00:00:23.646522 000000000b5bed30 0090: 00 00 00 00 00 00 00 00-00 00 00 00 00 00 00 00 ................
00:00:23.646526 000000000b5bed40 00a0: 00 00 00 00 00 00 00 00-00 00 00 00 00 00 00 00 ................
00:00:23.646530 000000000b5bed50 00b0: 00 00 00 00 00 00 00 00-00 00 00 00 00 00 00 00 ................
00:00:23.646534 000000000b5bed60 00c0: 00 00 00 00 00 00 00 00-00 00 00 00 00 00 00 00 ................
00:00:23.646538 000000000b5bed70 00d0: 00 00 00 00 00 00 00 00-00 00 00 00 00 00 00 00 ................
00:00:23.646542 000000000b5bed80 00e0: 00 00 00 00 00 00 00 00-00 00 00 00 00 00 00 00 ................
00:00:23.646546 000000000b5bed90 00f0: 00 00 00 00 00 00 00 00-00 00 00 00 00 00 00 00 ................
00:00:23.646551 2000:0000 TO 2000:01ff:
00:00:23.646552 000000000b5beca0 0000: 00 00 00 00 00 00 00 00-00 00 00 00 00 00 00 00 ................
00:00:23.646556 000000000b5becb0 0010: 00 00 00 00 00 00 00 00-00 00 00 00 00 00 00 00 ................
00:00:23.646560 000000000b5becc0 0020: 00 00 00 00 00 00 00 00-00 00 00 00 00 00 00 00 ................
00:00:23.646564 000000000b5becd0 0030: 00 00 00 00 00 00 00 00-00 00 00 00 00 00 00 00 ................
00:00:23.646568 000000000b5bece0 0040: 00 00 00 00 00 00 00 00-00 00 00 00 00 00 00 00 ................
00:00:23.646572 000000000b5becf0 0050: 00 00 00 00 00 00 00 00-00 00 00 00 00 00 00 00 ................
00:00:23.646576 000000000b5bed00 0060: 00 00 00 00 00 00 00 00-00 00 00 00 00 00 00 00 ................
00:00:23.646580 000000000b5bed10 0070: 00 00 00 00 00 00 00 00-00 00 00 00 00 00 00 00 ................
00:00:23.646584 000000000b5bed20 0080: 00 00 00 00 00 00 00 00-00 00 00 00 00 00 00 00 ................
00:00:23.646588 000000000b5bed30 0090: 00 00 00 00 00 00 00 00-00 00 00 00 00 00 00 00 ................
00:00:23.646592 000000000b5bed40 00a0: 00 00 00 00 00 00 00 00-00 00 00 00 00 00 00 00 ................
00:00:23.646596 000000000b5bed50 00b0: 00 00 00 00 00 00 00 00-00 00 00 00 00 00 00 00 ................
00:00:23.646600 000000000b5bed60 00c0: 00 00 00 00 00 00 00 00-00 00 00 00 00 00 00 00 ................
00:00:23.646604 000000000b5bed70 00d0: 00 00 00 00 00 00 00 00-00 00 00 00 00 00 00 00 ................
00:00:23.646608 000000000b5bed80 00e0: 00 00 00 00 00 00 00 00-00 00 00 00 00 00 00 00 ................
00:00:23.646612 000000000b5bed90 00f0: 00 00 00 00 00 00 00 00-00 00 00 00 00 00 00 00 ................
00:00:23.646616 000000000b5beda0 0100: 00 00 00 00 00 00 00 00-00 00 00 00 00 00 00 00 ................
00:00:23.646620 000000000b5bedb0 0110: 00 00 00 00 00 00 00 00-00 00 00 00 00 00 00 00 ................
00:00:23.646624 000000000b5bedc0 0120: 00 00 00 00 00 00 00 00-00 00 00 00 00 00 00 00 ................
00:00:23.646628 000000000b5bedd0 0130: 00 00 00 00 00 00 00 00-00 00 00 00 00 00 00 00 ................
00:00:23.646632 000000000b5bede0 0140: 00 00 00 00 00 00 00 00-00 00 00 00 00 00 00 00 ................
00:00:23.646636 000000000b5bedf0 0150: 00 00 00 00 00 00 00 00-00 00 00 00 00 00 00 00 ................
00:00:23.646640 000000000b5bee00 0160: 00 00 00 00 00 00 00 00-00 00 00 00 00 00 00 00 ................
00:00:23.646644 000000000b5bee10 0170: 00 00 00 00 00 00 00 00-00 00 00 00 00 00 00 00 ................
00:00:23.646648 000000000b5bee20 0180: 00 00 00 00 00 00 00 00-00 00 00 00 00 00 00 00 ................
00:00:23.646652 000000000b5bee30 0190: 00 00 00 00 00 00 00 00-00 00 00 00 00 00 00 00 ................
00:00:23.646656 000000000b5bee40 01a0: 00 00 00 00 00 00 00 00-00 00 00 00 00 00 00 00 ................
00:00:23.646660 000000000b5bee50 01b0: 00 00 00 00 00 00 00 00-00 00 00 00 00 00 00 00 ................
00:00:23.646664 000000000b5bee60 01c0: 00 00 00 00 00 00 00 00-00 00 00 00 00 00 00 00 ................
00:00:23.646668 000000000b5bee70 01d0: 00 00 00 00 00 00 00 00-00 00 00 00 00 00 00 00 ................
00:00:23.646672 000000000b5bee80 01e0: 00 00 00 00 00 00 00 00-00 00 00 00 00 00 00 00 ................
00:00:23.646676 000000000b5bee90 01f0: 00 00 00 00 00 00 00 00-00 00 00 00 00 00 00 00 ................
00:00:23.646680 ************** End of Guest state at power off ***************
00:00:23.646726 PDMR3PowerOff: 9 029 ns run time
00:00:23.646733 Changing the VM state from 'POWERING_OFF' to 'OFF'.
00:00:23.675638 Changing the VM state from 'OFF' to 'DESTROYING'.
00:00:23.676250 ************************* Statistics *************************
00:00:23.676476 /Devices/E1k0/ReceiveBytes              0 bytes
00:00:23.676484 /Devices/E1k0/TransmitBytes             0 bytes
00:00:23.676489 /Devices/IDE0/ATA0/Unit0/AtapiDMA        0 times
00:00:23.676494 /Devices/IDE0/ATA0/Unit0/AtapiPIO        0 times
00:00:23.676498 /Devices/IDE0/ATA0/Unit0/DMA            0 times
00:00:23.676502 /Devices/IDE0/ATA0/Unit0/PIO            0 times
00:00:23.676507 /Devices/IDE0/ATA0/Unit0/ReadBytes        0 bytes
00:00:23.676511 /Devices/IDE0/ATA0/Unit0/WrittenBytes        0 bytes
00:00:23.676516 /Devices/IDE0/ATA0/Unit1/AtapiDMA        0 times
00:00:23.676520 /Devices/IDE0/ATA0/Unit1/AtapiPIO        0 times
00:00:23.676524 /Devices/IDE0/ATA0/Unit1/DMA            0 times
00:00:23.676529 /Devices/IDE0/ATA0/Unit1/PIO            0 times
00:00:23.676533 /Devices/IDE0/ATA0/Unit1/ReadBytes        0 bytes
00:00:23.676537 /Devices/IDE0/ATA0/Unit1/WrittenBytes        0 bytes
00:00:23.676542 /Devices/IDE0/ATA1/Unit0/AtapiDMA        0 times
00:00:23.676546 /Devices/IDE0/ATA1/Unit0/AtapiPIO        0 times
00:00:23.676550 /Devices/IDE0/ATA1/Unit0/DMA            0 times
00:00:23.676555 /Devices/IDE0/ATA1/Unit0/PIO            0 times
00:00:23.676559 /Devices/IDE0/ATA1/Unit0/ReadBytes        0 bytes
00:00:23.676563 /Devices/IDE0/ATA1/Unit0/WrittenBytes        0 bytes
00:00:23.676568 /Devices/IDE0/ATA1/Unit1/AtapiDMA        0 times
00:00:23.676572 /Devices/IDE0/ATA1/Unit1/AtapiPIO        0 times
00:00:23.676576 /Devices/IDE0/ATA1/Unit1/DMA            0 times
00:00:23.676580 /Devices/IDE0/ATA1/Unit1/PIO            0 times
00:00:23.676585 /Devices/IDE0/ATA1/Unit1/ReadBytes        0 bytes
00:00:23.676589 /Devices/IDE0/ATA1/Unit1/WrittenBytes        0 bytes
00:00:23.676599 /Devices/VMMDev/BalloonChunks           0 count
00:00:23.676603 /FT/Checkpoint/Network                  0 times
00:00:23.676608 /FT/Checkpoint/Storage                  0 times
00:00:23.676613 /FT/Received/Mem                        0 bytes
00:00:23.676617 /FT/Received/State                      0 bytes
00:00:23.676622 /FT/Sent/Mem                            0 bytes
00:00:23.676626 /FT/Sent/State                          0 bytes
00:00:23.676631 /FT/Sync/DeltaMem                       0 times
00:00:23.676636 /FT/Sync/DeltaVM                        0 times
00:00:23.676640 /FT/Sync/Full                           0 times
00:00:23.676645 /GMM/VM/Allocated/cBasePages          176 pages
00:00:23.676650 /GMM/VM/Allocated/cFixedPages           0 pages
00:00:23.676654 /GMM/VM/Allocated/cShadowPages          0 pages
00:00:23.676658 /GMM/VM/Reserved/cBasePages        524446 pages
00:00:23.676663 /GMM/VM/Reserved/cFixedPages        33796 pages
00:00:23.676667 /GMM/VM/Reserved/cShadowPages           1 pages
00:00:23.676672 /GMM/VM/cBalloonedPages                 0 pages
00:00:23.676676 /GMM/VM/cMaxBalloonedPages              0 pages
00:00:23.676681 /GMM/VM/cPrivatePages                 176 pages
00:00:23.676717 /GMM/VM/cReqActuallyBalloonedPages        0 pages
00:00:23.676722 /GMM/VM/cReqBalloonedPages              0 pages
00:00:23.676727 /GMM/VM/cReqDeflatePages                0 pages
00:00:23.676731 /GMM/VM/cShareableModules               0 count
00:00:23.676736 /GMM/VM/cSharedPages                    0 pages
00:00:23.676740 /GMM/VM/enmPolicy                       1 
00:00:23.676745 /GMM/VM/enmPriority                     2 
00:00:23.676750 /GMM/VM/fBallooningEnabled       false    
00:00:23.676754 /GMM/VM/fMayAllocate             false    
00:00:23.676759 /GMM/VM/fSharedPagingEnabled     false    
00:00:23.676763 /GMM/cAllocatedPages                  176 pages
00:00:23.676768 /GMM/cBalloonedPages                    0 pages
00:00:23.676772 /GMM/cChunks                            1 count
00:00:23.676777 /GMM/cDuplicatePages                    0 pages
00:00:23.676781 /GMM/cFreedChunks                       0 count
00:00:23.676786 /GMM/cLeftBehindSharedPages             0 pages
00:00:23.676790 /GMM/cMaxPages                   4294967295 pages
00:00:23.676795 /GMM/cOverCommittedPages                0 pages
00:00:23.676800 /GMM/cReservedPages                558243 pages
00:00:23.676805 /GMM/cShareableModules                  0 count
00:00:23.676809 /GMM/cSharedPages                       0 pages
00:00:23.676814 /GVMM/EMTs                              1 calls
00:00:23.676818 /GVMM/HostCPUs                          2 calls
00:00:23.676823 /GVMM/HostCpus/0                        0 
00:00:23.676828 /GVMM/HostCpus/0/CurTimerHz             0 Hz
00:00:23.676832 /GVMM/HostCpus/0/DesiredHz              0 Hz
00:00:23.676837 /GVMM/HostCpus/0/PPTChanges             0 times
00:00:23.676841 /GVMM/HostCpus/0/PPTStarts              0 times
00:00:23.676845 /GVMM/HostCpus/0/idxCpuSet              0 
00:00:23.676850 /GVMM/HostCpus/1                        1 
00:00:23.676854 /GVMM/HostCpus/1/CurTimerHz             0 Hz
00:00:23.676859 /GVMM/HostCpus/1/DesiredHz              0 Hz
00:00:23.676863 /GVMM/HostCpus/1/PPTChanges             0 times
00:00:23.676867 /GVMM/HostCpus/1/PPTStarts              0 times
00:00:23.676872 /GVMM/HostCpus/1/idxCpuSet              1 
00:00:23.676876 /GVMM/Sum/HaltBlocking                649 calls
00:00:23.676881 /GVMM/Sum/HaltCalls                   650 calls
00:00:23.676886 /GVMM/Sum/HaltNotBlocking               1 calls
00:00:23.676890 /GVMM/Sum/HaltTimeouts                504 calls
00:00:23.676895 /GVMM/Sum/HaltWakeUps                   0 calls
00:00:23.676899 /GVMM/Sum/PokeCalls                     0 calls
00:00:23.676904 /GVMM/Sum/PokeNotBusy                   0 calls
00:00:23.676908 /GVMM/Sum/PollCalls                     0 calls
00:00:23.676913 /GVMM/Sum/PollHalts                     0 calls
00:00:23.676917 /GVMM/Sum/PollWakeUps                   0 calls
00:00:23.676922 /GVMM/Sum/WakeUpCalls                 149 calls
00:00:23.676999 /GVMM/Sum/WakeUpNotHalted              63 calls
00:00:23.677007 /GVMM/Sum/WakeUpWakeUps                 0 calls
00:00:23.677012 /GVMM/VM/HaltBlocking                 649 calls
00:00:23.677017 /GVMM/VM/HaltCalls                    650 calls
00:00:23.677021 /GVMM/VM/HaltNotBlocking                1 calls
00:00:23.677026 /GVMM/VM/HaltTimeouts                 504 calls
00:00:23.677030 /GVMM/VM/HaltWakeUps                    0 calls
00:00:23.677035 /GVMM/VM/PokeCalls                      0 calls
00:00:23.677040 /GVMM/VM/PokeNotBusy                    0 calls
00:00:23.677045 /GVMM/VM/PollCalls                      0 calls
00:00:23.677049 /GVMM/VM/PollHalts                      0 calls
00:00:23.677054 /GVMM/VM/PollWakeUps                    0 calls
00:00:23.677059 /GVMM/VM/WakeUpCalls                  149 calls
00:00:23.677063 /GVMM/VM/WakeUpNotHalted               63 calls
00:00:23.677068 /GVMM/VM/WakeUpWakeUps                  0 calls
00:00:23.677072 /GVMM/VMs                               1 calls
00:00:23.677077 /IEM/CPU0/cInstructions                 0 count
00:00:23.677082 /IEM/CPU0/cPotentialExits               0 count
00:00:23.677097 /IEM/CPU0/cRetAspectNotImplemented        0 count
00:00:23.677102 /IEM/CPU0/cRetErrStatuses               0 count
00:00:23.677107 /IEM/CPU0/cRetInfStatuses               0 count
00:00:23.677111 /IEM/CPU0/cRetInstrNotImplemented        0 count
00:00:23.677115 /IEM/CPU0/cbWritten                     0 bytes
00:00:23.677120 /MM/HyperHeap/cbFree               847280 bytes
00:00:23.677125 /MM/HyperHeap/cbHeap              1048256 bytes
00:00:23.677130 /PDM/BlkCache/cbCached                  0 bytes
00:00:23.677134 /PDM/BlkCache/cbCachedFru               0 bytes
00:00:23.677139 /PDM/BlkCache/cbCachedMruIn             0 bytes
00:00:23.677143 /PDM/BlkCache/cbCachedMruOut            0 bytes
00:00:23.677147 /PDM/BlkCache/cbMax               5242880 bytes
00:00:23.677152 /PDM/CritSects/8237A#0 Auto/ContentionR3        0 times
00:00:23.677156 /PDM/CritSects/8237A#0 Auto/ContentionRZLock        0 times
00:00:23.677161 /PDM/CritSects/8237A#0 Auto/ContentionRZUnlock        0 times
00:00:23.677165 /PDM/CritSects/AHCI#0/ContentionR3        0 times
00:00:23.677169 /PDM/CritSects/AHCI#0/ContentionRZLock        0 times
00:00:23.677174 /PDM/CritSects/AHCI#0/ContentionRZUnlock        0 times
00:00:23.677178 /PDM/CritSects/ATA#0/ContentionR3        0 times
00:00:23.677182 /PDM/CritSects/ATA#0/ContentionRZLock        0 times
00:00:23.677187 /PDM/CritSects/ATA#0/ContentionRZUnlock        0 times
00:00:23.677191 /PDM/CritSects/ATA#1/ContentionR3        0 times
00:00:23.677195 /PDM/CritSects/ATA#1/ContentionRZLock        0 times
00:00:23.677199 /PDM/CritSects/ATA#1/ContentionRZUnlock        0 times
00:00:23.677204 /PDM/CritSects/AudioSniffer#0 Auto/ContentionR3        0 times
00:00:23.677208 /PDM/CritSects/AudioSniffer#0 Auto/ContentionRZLock        0 times
00:00:23.677213 /PDM/CritSects/AudioSniffer#0 Auto/ContentionRZUnlock        0 times
00:00:23.677217 /PDM/CritSects/E1000#0/ContentionR3        0 times
00:00:23.677221 /PDM/CritSects/E1000#0/ContentionRZLock        0 times
00:00:23.677226 /PDM/CritSects/E1000#0/ContentionRZUnlock        0 times
00:00:23.677230 /PDM/CritSects/E1000#0RX/ContentionR3        0 times
00:00:23.677235 /PDM/CritSects/E1000#0RX/ContentionRZLock        0 times
00:00:23.677239 /PDM/CritSects/E1000#0RX/ContentionRZUnlock        0 times
00:00:23.677243 /PDM/CritSects/E1000#0TX/ContentionR3        0 times
00:00:23.677247 /PDM/CritSects/E1000#0TX/ContentionRZLock        0 times
00:00:23.677252 /PDM/CritSects/E1000#0TX/ContentionRZUnlock        0 times
00:00:23.677256 /PDM/CritSects/EM-REM/ContentionR3        0 times
00:00:23.677284 /PDM/CritSects/EM-REM/ContentionRZLock        0 times
00:00:23.677289 /PDM/CritSects/EM-REM/ContentionRZUnlock        0 times
00:00:23.677293 /PDM/CritSects/FTM/ContentionR3         0 times
00:00:23.677298 /PDM/CritSects/FTM/ContentionRZLock        0 times
00:00:23.677302 /PDM/CritSects/FTM/ContentionRZUnlock        0 times
00:00:23.677306 /PDM/CritSects/IOM Lock/ContentionR3        0 times
00:00:23.677311 /PDM/CritSects/IOM Lock/ContentionRZLock        0 times
00:00:23.677315 /PDM/CritSects/IOM Lock/ContentionRZUnlock        0 times
00:00:23.677319 /PDM/CritSects/MM-HYPER/ContentionR3        0 times
00:00:23.677324 /PDM/CritSects/MM-HYPER/ContentionRZLock        0 times
00:00:23.677328 /PDM/CritSects/MM-HYPER/ContentionRZUnlock        0 times
00:00:23.677333 /PDM/CritSects/NOP/ContentionR3         0 times
00:00:23.677337 /PDM/CritSects/NOP/ContentionRZLock        0 times
00:00:23.677341 /PDM/CritSects/NOP/ContentionRZUnlock        0 times
00:00:23.677346 /PDM/CritSects/PDM/ContentionR3         0 times
00:00:23.677350 /PDM/CritSects/PDM/ContentionRZLock        0 times
00:00:23.677354 /PDM/CritSects/PDM/ContentionRZUnlock        0 times
00:00:23.677359 /PDM/CritSects/PGM/ContentionR3         0 times
00:00:23.677363 /PDM/CritSects/PGM/ContentionRZLock        0 times
00:00:23.677367 /PDM/CritSects/PGM/ContentionRZUnlock        0 times
00:00:23.677372 /PDM/CritSects/PS2K#0/ContentionR3        0 times
00:00:23.677376 /PDM/CritSects/PS2K#0/ContentionRZLock        0 times
00:00:23.677381 /PDM/CritSects/PS2K#0/ContentionRZUnlock        0 times
00:00:23.677395 /PDM/CritSects/PS2KM#0/ContentionR3        0 times
00:00:23.677399 /PDM/CritSects/PS2KM#0/ContentionRZLock        0 times
00:00:23.677404 /PDM/CritSects/PS2KM#0/ContentionRZUnlock        0 times
00:00:23.677408 /PDM/CritSects/REM-Register/ContentionR3        0 times
00:00:23.677413 /PDM/CritSects/REM-Register/ContentionRZLock        0 times
00:00:23.677417 /PDM/CritSects/REM-Register/ContentionRZUnlock        0 times
00:00:23.677421 /PDM/CritSects/TM Timer Lock/ContentionR3        0 times
00:00:23.677426 /PDM/CritSects/TM Timer Lock/ContentionRZLock        0 times
00:00:23.677430 /PDM/CritSects/TM Timer Lock/ContentionRZUnlock        0 times
00:00:23.677435 /PDM/CritSects/TM VirtualSync Lock/ContentionR3        0 times
00:00:23.677439 /PDM/CritSects/TM VirtualSync Lock/ContentionRZLock        0 times
00:00:23.677443 /PDM/CritSects/TM VirtualSync Lock/ContentionRZUnlock        0 times
00:00:23.677448 /PDM/CritSects/VGA#u/ContentionR3        0 times
00:00:23.677452 /PDM/CritSects/VGA#u/ContentionRZLock        0 times
00:00:23.677457 /PDM/CritSects/VGA#u/ContentionRZUnlock        0 times
00:00:23.677461 /PDM/CritSects/VMMDev#0 Auto/ContentionR3        0 times
00:00:23.677466 /PDM/CritSects/VMMDev#0 Auto/ContentionRZLock        0 times
00:00:23.677470 /PDM/CritSects/VMMDev#0 Auto/ContentionRZUnlock        0 times
00:00:23.677474 /PDM/CritSects/VMMDev#u/ContentionR3        0 times
00:00:23.677479 /PDM/CritSects/VMMDev#u/ContentionRZLock        0 times
00:00:23.677483 /PDM/CritSects/VMMDev#u/ContentionRZUnlock        0 times
00:00:23.677488 /PDM/CritSects/acpi0/ContentionR3        0 times
00:00:23.677492 /PDM/CritSects/acpi0/ContentionRZLock        0 times
00:00:23.677496 /PDM/CritSects/acpi0/ContentionRZUnlock        0 times
00:00:23.677500 /PDM/CritSects/ahci#0 Auto/ContentionR3        0 times
00:00:23.677563 /PDM/CritSects/ahci#0 Auto/ContentionRZLock        0 times
00:00:23.677569 /PDM/CritSects/ahci#0 Auto/ContentionRZUnlock        0 times
00:00:23.677574 /PDM/CritSects/e1000#0 Auto/ContentionR3        0 times
00:00:23.677578 /PDM/CritSects/e1000#0 Auto/ContentionRZLock        0 times
00:00:23.677582 /PDM/CritSects/e1000#0 Auto/ContentionRZUnlock        0 times
00:00:23.677587 /PDM/CritSects/hda#0 Auto/ContentionR3        0 times
00:00:23.677591 /PDM/CritSects/hda#0 Auto/ContentionRZLock        0 times
00:00:23.677596 /PDM/CritSects/hda#0 Auto/ContentionRZUnlock        0 times
00:00:23.677600 /PDM/CritSects/mc146818#0 Auto/ContentionR3        0 times
00:00:23.677605 /PDM/CritSects/mc146818#0 Auto/ContentionRZLock        0 times
00:00:23.677609 /PDM/CritSects/mc146818#0 Auto/ContentionRZUnlock        0 times
00:00:23.677613 /PDM/CritSects/pcarch#0 Auto/ContentionR3        0 times
00:00:23.677618 /PDM/CritSects/pcarch#0 Auto/ContentionRZLock        0 times
00:00:23.677622 /PDM/CritSects/pcarch#0 Auto/ContentionRZUnlock        0 times
00:00:23.677627 /PDM/CritSects/pcbios#0 Auto/ContentionR3        0 times
00:00:23.677631 /PDM/CritSects/pcbios#0 Auto/ContentionRZLock        0 times
00:00:23.677635 /PDM/CritSects/pcbios#0 Auto/ContentionRZUnlock        0 times
00:00:23.677640 /PDM/CritSects/pckbd#0 Auto/ContentionR3        0 times
00:00:23.677644 /PDM/CritSects/pckbd#0 Auto/ContentionRZLock        0 times
00:00:23.677648 /PDM/CritSects/pckbd#0 Auto/ContentionRZUnlock        0 times
00:00:23.677653 /PDM/CritSects/piix3ide#0 Auto/ContentionR3        0 times
00:00:23.677657 /PDM/CritSects/piix3ide#0 Auto/ContentionRZLock        0 times
00:00:23.677662 /PDM/CritSects/piix3ide#0 Auto/ContentionRZUnlock        0 times
00:00:23.677666 /PDM/CritSects/pit/ContentionR3         0 times
00:00:23.677670 /PDM/CritSects/pit/ContentionRZLock        0 times
00:00:23.677674 /PDM/CritSects/pit/ContentionRZUnlock        0 times
00:00:23.677679 /PDM/CritSects/usb-ohci#0 Auto/ContentionR3        0 times
00:00:23.677683 /PDM/CritSects/usb-ohci#0 Auto/ContentionRZLock        0 times
00:00:23.677688 /PDM/CritSects/usb-ohci#0 Auto/ContentionRZUnlock        0 times
00:00:23.677692 /PDM/CritSects/vga#0 Auto/ContentionR3        0 times
00:00:23.677706 /PDM/CritSects/vga#0 Auto/ContentionRZLock        0 times
00:00:23.677711 /PDM/CritSects/vga#0 Auto/ContentionRZUnlock        0 times
00:00:23.677715 /PDM/Queue/AHCI-Xmit/AllocFailures        0 times
00:00:23.677719 /PDM/Queue/AHCI-Xmit/Flush              0 calls
00:00:23.677724 /PDM/Queue/AHCI-Xmit/FlushLeftovers        0 times
00:00:23.677728 /PDM/Queue/AHCI-Xmit/Insert             0 calls
00:00:23.677732 /PDM/Queue/AHCI-Xmit/cItems            60 count
00:00:23.677737 /PDM/Queue/AHCI-Xmit/cbItem            32 bytes
00:00:23.677742 /PDM/Queue/DevHlp/AllocFailures         0 times
00:00:23.677746 /PDM/Queue/DevHlp/Flush                 0 calls
00:00:23.677750 /PDM/Queue/DevHlp/FlushLeftovers        0 times
00:00:23.677755 /PDM/Queue/DevHlp/Insert                0 calls
00:00:23.677759 /PDM/Queue/DevHlp/cItems                8 count
00:00:23.677763 /PDM/Queue/DevHlp/cbItem               56 bytes
00:00:23.677768 /PDM/Queue/E1000-Rcv/AllocFailures        0 times
00:00:23.677772 /PDM/Queue/E1000-Rcv/Flush              0 calls
00:00:23.677777 /PDM/Queue/E1000-Rcv/FlushLeftovers        0 times
00:00:23.677781 /PDM/Queue/E1000-Rcv/Insert             0 calls
00:00:23.677785 /PDM/Queue/E1000-Rcv/cItems             1 count
00:00:23.677790 /PDM/Queue/E1000-Rcv/cbItem            24 bytes
00:00:23.677794 /PDM/Queue/E1000-Xmit/AllocFailures        0 times
00:00:23.677798 /PDM/Queue/E1000-Xmit/Flush             0 calls
00:00:23.677803 /PDM/Queue/E1000-Xmit/FlushLeftovers        0 times
00:00:23.677807 /PDM/Queue/E1000-Xmit/Insert            0 calls
00:00:23.677811 /PDM/Queue/E1000-Xmit/cItems            1 count
00:00:23.677816 /PDM/Queue/E1000-Xmit/cbItem           24 bytes
00:00:23.677820 /PDM/Queue/Keyboard/AllocFailures        0 times
00:00:23.677825 /PDM/Queue/Keyboard/Flush               0 calls
00:00:23.677829 /PDM/Queue/Keyboard/FlushLeftovers        0 times
00:00:23.677833 /PDM/Queue/Keyboard/Insert              0 calls
00:00:23.677838 /PDM/Queue/Keyboard/cItems             64 count
00:00:23.677842 /PDM/Queue/Keyboard/cbItem             32 bytes
00:00:23.677847 /PDM/Queue/Mouse/AllocFailures          0 times
00:00:23.677851 /PDM/Queue/Mouse/Flush                  0 calls
00:00:23.677855 /PDM/Queue/Mouse/FlushLeftovers         0 times
00:00:23.677859 /PDM/Queue/Mouse/Insert                 0 calls
00:00:23.677864 /PDM/Queue/Mouse/cItems               128 count
00:00:23.677868 /PDM/Queue/Mouse/cbItem                56 bytes
00:00:23.677873 /PDM/Queue/Mouse_1/AllocFailures        0 times
00:00:23.677877 /PDM/Queue/Mouse_1/Flush                0 calls
00:00:23.677882 /PDM/Queue/Mouse_1/FlushLeftovers        0 times
00:00:23.677886 /PDM/Queue/Mouse_1/Insert               0 calls
00:00:23.677891 /PDM/Queue/Mouse_1/cItems             128 count
00:00:23.677895 /PDM/Queue/Mouse_1/cbItem              56 bytes
00:00:23.677900 /PGM/CPU0/cA20Changes                   0 times
00:00:23.677904 /PGM/CPU0/cGuestModeChanges             2 times
00:00:23.677909 /PGM/ChunkR3Map/Mapped                  1 count
00:00:23.677913 /PGM/ChunkR3Map/Unmapped                0 count
00:00:23.677918 /PGM/ChunkR3Map/c                       1 count
00:00:23.677922 /PGM/ChunkR3Map/cMax             4294967295 count
00:00:23.677927 /PGM/LargePage/Recheck                  0 times
00:00:23.677932 /PGM/LargePage/Refused                  0 times
00:00:23.677936 /PGM/LargePage/Reused                   0 times
00:00:23.677942 /PGM/Page/cAllPages                558155 count
00:00:23.677947 /PGM/Page/cBalloonedPages               0 count
00:00:23.677951 /PGM/Page/cHandyPages                 107 count
00:00:23.677956 /PGM/Page/cLargePages                   0 count
00:00:23.677960 /PGM/Page/cLargePagesDisabled           0 count
00:00:23.677965 /PGM/Page/cMonitoredPages               0 count
00:00:23.677969 /PGM/Page/cPrivatePages             33865 count
00:00:23.677974 /PGM/Page/cPureMmioPages               41 count
00:00:23.677978 /PGM/Page/cReadLockedPages              0 count
00:00:23.677982 /PGM/Page/cReusedSharedPages            0 count
00:00:23.677995 /PGM/Page/cSharedPages                  0 count
00:00:23.678000 /PGM/Page/cWriteLockedPages             0 count
00:00:23.678005 /PGM/Page/cWrittenToPages               0 count
00:00:23.678009 /PGM/Page/cZeroPages               524249 count
00:00:23.678014 /PGM/ShMod/Check                        0 ticks/call (           0 ticks,       0 times, max         0, min      -1)
00:00:23.678019 /PGM/cRelocations                       0 times
00:00:23.678024 /PROF/CPU0/EM/Capped                    0 ticks/call (           0 ticks,       0 times, max         0, min      -1)
00:00:23.678030 /PROF/CPU0/EM/ForcedActions             8 times
00:00:23.678034 /PROF/CPU0/EM/Halted                    7 times
00:00:23.678057 /PROF/CPU0/EM/RAWTotal                  0 times
00:00:23.678063 /PROF/CPU0/EM/REMTotal                  0 times
00:00:23.678067 /PROF/CPU0/EM/Total              7993473192 ticks/call (  7993473192 ticks,       1 times, max 7993473192, min 7993473192)
00:00:23.678089 /PROF/VM/CPU0/Halt/Block          4777803 ns/call (  3057794082 ticks,     640 times, max  54251128, min    2246)
00:00:23.678097 /PROF/VM/CPU0/Halt/BlockInsomnia        0 ns/call (           0 ticks,       0 times, max         0, min      -1)
00:00:23.678103 /PROF/VM/CPU0/Halt/BlockOnTime          0 ns/call (           0 ticks,       0 times, max         0, min      -1)
00:00:23.678108 /PROF/VM/CPU0/Halt/BlockOverslept        0 ns/call (           0 ticks,       0 times, max         0, min      -1)
00:00:23.678114 /PROF/VM/CPU0/Halt/Timers           78056 ns/call (    50502634 ticks,     647 times, max  13051572, min       2)
00:00:23.678120 /PROF/VM/CPU0/Halt/Yield                0 ns/call (           0 ticks,       0 times, max         0, min      -1)
00:00:23.678126 /REM/TbFlushCount                       0 times
00:00:23.678130 /REM/TbPhysInvldCount                   0 times
00:00:23.678135 /REM/TlbFlushCount                      2 times
00:00:23.678140 /SELM/HyperSels/Changed                 0 times
00:00:23.678144 /SELM/HyperSels/Scan                    0 times
00:00:23.678149 /SELM/LoadHidSel/GstReadErrors          0 times
00:00:23.678153 /SELM/LoadHidSel/NoGoodGuest            0 times
00:00:23.678158 /SELM/UpdateFromCPUM/AlreadyStaleCS        0 times
00:00:23.678162 /SELM/UpdateFromCPUM/AlreadyStaleDS        0 times
00:00:23.678166 /SELM/UpdateFromCPUM/AlreadyStaleES        0 times
00:00:23.678171 /SELM/UpdateFromCPUM/AlreadyStaleFS        0 times
00:00:23.678175 /SELM/UpdateFromCPUM/AlreadyStaleGS        0 times
00:00:23.678179 /SELM/UpdateFromCPUM/AlreadyStaleSS        0 times
00:00:23.678183 /SELM/UpdateFromCPUM/DetectedStaleCS        0 times
00:00:23.678188 /SELM/UpdateFromCPUM/DetectedStaleDS        0 times
00:00:23.678192 /SELM/UpdateFromCPUM/DetectedStaleES        0 times
00:00:23.678196 /SELM/UpdateFromCPUM/DetectedStaleFS        0 times
00:00:23.678200 /SELM/UpdateFromCPUM/DetectedStaleGS        0 times
00:00:23.678205 /SELM/UpdateFromCPUM/DetectedStaleSS        0 times
00:00:23.678209 /SELM/UpdateFromCPUM/StaleToUnstale        0 times
00:00:23.678214 /TM/CPU/00/cNsExecuting                 0 ns
00:00:23.678218 /TM/CPU/00/cNsHalted             3109500464 ns
00:00:23.678223 /TM/CPU/00/cNsOther              279620910 ns
00:00:23.678228 /TM/CPU/00/cNsTotal              3389121374 ns
00:00:23.678233 /TM/CPU/00/cPeriodsExecuting            0 count
00:00:23.678237 /TM/CPU/00/cPeriodsHalted               7 count
00:00:23.678241 /TM/CPU/00/pctExecuting                 0 %
00:00:23.678246 /TM/CPU/00/pctHalted                   99 %
00:00:23.678250 /TM/CPU/00/pctOther                     0 %
00:00:23.678255 /TM/CPU/pctExecuting                    0 %
00:00:23.678259 /TM/CPU/pctHalted                      99 %
00:00:23.678264 /TM/CPU/pctOther                        0 %
00:00:23.678269 /TM/MaxHzHint                           0 Hz
00:00:23.678274 /TM/R3/1nsSteps                         7 times
00:00:23.678278 /TM/TSC/offCPU0                         0 ticks
00:00:23.678283 /TM/VirtualSync/CurrentOffset           0 ns
00:00:23.678297 /VUSB/0/cUrbsInPool                     0 count
00:00:23.678304 ********************* End of statistics **********************
00:00:23.746708 NAT: zone(nm:mbuf_cluster, used:0)
00:00:23.748143 NAT: zone(nm:mbuf_packet, used:0)
00:00:23.748163 NAT: zone(nm:mbuf, used:0)
00:00:23.748173 NAT: zone(nm:mbuf_jumbo_pagesize, used:0)
00:00:23.749651 NAT: zone(nm:mbuf_jumbo_9k, used:0)
00:00:23.750490 NAT: zone(nm:mbuf_jumbo_16k, used:0)
00:00:23.750570 NAT: zone(nm:mbuf_ext_refcnt, used:0)
00:00:23.756533 Changing the VM state from 'DESTROYING' to 'TERMINATED'.
